<?xml version="1.0" encoding="UTF-8"?>
<!-- Generated by org.testng.reporters.JUnitXMLReporter -->
<testsuite ignored="4" hostname="LTIN203200" failures="0" tests="31" name="ChromeTest" time="79.004" errors="0" timestamp="2024-03-05T09:16:19 IST">
  <testcase classname="testcases.BookshelvesCheck" name="verifyBookShelves" time="2.143"/>
  <testcase classname="testcases.BookshelvesCheck" name="clickBookShelves" time="3.277"/>
  <testcase classname="testcases.BookshelvesCheck" name="checkpopup" time="1.536"/>
  <testcase classname="testcases.BookshelvesCheck" name="popupClose" time="0.569"/>
  <testcase classname="testcases.BookshelvesCheck" name="checkpriceFilter" time="0.296"/>
  <testcase classname="testcases.BookshelvesCheck" name="setPriceFilter" time="1.451"/>
  <testcase classname="testcases.BookshelvesCheck" name="checksort" time="0.551"/>
  <testcase classname="testcases.BookshelvesCheck" name="sortByPriceHighToLow" time="0.571"/>
  <testcase classname="testcases.BookshelvesCheck" name="checkcategory" time="0.211"/>
  <testcase classname="testcases.BookshelvesCheck" name="chooseCategory" time="0.93"/>
  <testcase classname="testcases.BookshelvesCheck" name="checkCheckbox" time="0.204"/>
  <testcase classname="testcases.BookshelvesCheck" name="outOfStockCheckbox" time="0.3"/>
  <testcase classname="testcases.BookshelvesCheck" name="getBookDetails" time="0.601"/>
  <testcase classname="testcases.BookshelvesCheck" name="writeExcel" time="2.894"/>
  <testcase classname="testcases.DropDownCheck" name="CheckLiving" time="0.258"/>
  <testcase classname="testcases.DropDownCheck" name="SelectLiving" time="0.108"/>
  <testcase classname="testcases.DropDownCheck" name="getLivingDetails" time="1.548"/>
  <testcase classname="testcases.DropDownCheck" name="collectingDetails" time="0.26"/>
  <testcase classname="testcases.GiftCardCheck" name="CheckGiftCards" time="2.421"/>
  <testcase classname="testcases.GiftCardCheck" name="GetGiftCards" time="8.332"/>
  <testcase classname="testcases.GiftCardCheck" name="CheckBirthday" time="0.088"/>
  <testcase classname="testcases.GiftCardCheck" name="SelectBirthday" time="0.191"/>
  <testcase classname="testcases.GiftCardCheck" name="Checkcustomizationvisible" time="0.099"/>
  <testcase classname="testcases.GiftCardCheck" name="Customizing" time="1.131"/>
  <testcase classname="testcases.GiftCardCheck" name="filldetailsvisible" time="0.076"/>
  <testcase classname="testcases.GiftCardCheck" name="invalidDetailsFilling" time="2.341"/>
  <testcase classname="testcases.GiftCardCheck" name="captureAndDisplayErrorMessage" time="0.477"/>
  <testcase classname="testcases.GiftCardCheck" name="validateDetails" time="0.797"/>
  <testcase classname="testcases.GiftCardCheck" name="validateAllDetails" time="0.339"/>
  <testcase classname="testcases.GiftCardCheck" name="writeDetailsToJson" time="0.001"/>
  <testcase classname="testcases.GiftCardCheck" name="compareDetails" time="0.019"/>
  <testcase classname="testbase.BaseClass" name="@AfterTest teardown" time="0.0">
    <ignored/>
  </testcase> <!-- @AfterTest teardown -->
  <testcase classname="testbase.BaseClass" name="@BeforeTest setup" time="0.0">
    <ignored/>
  </testcase> <!-- @BeforeTest setup -->
  <testcase classname="testbase.BaseClass" name="@BeforeTest setup" time="0.0">
    <ignored/>
  </testcase> <!-- @BeforeTest setup -->
  <testcase classname="testbase.BaseClass" name="@AfterTest teardown" time="0.0">
    <ignored/>
  </testcase> <!-- @AfterTest teardown -->
</testsuite> <!-- ChromeTest -->
