<?xml version="1.0" encoding="UTF-8"?>
<!-- Generated by org.testng.reporters.JUnitXMLReporter -->
<testsuite ignored="4" hostname="LTIN203200" failures="0" tests="31" name="EdgeTest" time="93.875" errors="0" timestamp="2024-03-05T09:18:03 IST">
  <testcase classname="testcases.BookshelvesCheck" name="verifyBookShelves" time="2.343"/>
  <testcase classname="testcases.BookshelvesCheck" name="clickBookShelves" time="21.39"/>
  <testcase classname="testcases.BookshelvesCheck" name="checkpopup" time="2.195"/>
  <testcase classname="testcases.BookshelvesCheck" name="popupClose" time="0.834"/>
  <testcase classname="testcases.BookshelvesCheck" name="checkpriceFilter" time="0.588"/>
  <testcase classname="testcases.BookshelvesCheck" name="setPriceFilter" time="1.126"/>
  <testcase classname="testcases.BookshelvesCheck" name="checksort" time="0.146"/>
  <testcase classname="testcases.BookshelvesCheck" name="sortByPriceHighToLow" time="0.648"/>
  <testcase classname="testcases.BookshelvesCheck" name="checkcategory" time="0.164"/>
  <testcase classname="testcases.BookshelvesCheck" name="chooseCategory" time="1.385"/>
  <testcase classname="testcases.BookshelvesCheck" name="checkCheckbox" time="0.249"/>
  <testcase classname="testcases.BookshelvesCheck" name="outOfStockCheckbox" time="0.233"/>
  <testcase classname="testcases.BookshelvesCheck" name="getBookDetails" time="1.23"/>
  <testcase classname="testcases.BookshelvesCheck" name="writeExcel" time="0.16"/>
  <testcase classname="testcases.DropDownCheck" name="CheckLiving" time="0.238"/>
  <testcase classname="testcases.DropDownCheck" name="SelectLiving" time="0.201"/>
  <testcase classname="testcases.DropDownCheck" name="getLivingDetails" time="1.56"/>
  <testcase classname="testcases.DropDownCheck" name="collectingDetails" time="0.155"/>
  <testcase classname="testcases.GiftCardCheck" name="CheckGiftCards" time="2.49"/>
  <testcase classname="testcases.GiftCardCheck" name="GetGiftCards" time="9.096"/>
  <testcase classname="testcases.GiftCardCheck" name="CheckBirthday" time="0.133"/>
  <testcase classname="testcases.GiftCardCheck" name="SelectBirthday" time="0.233"/>
  <testcase classname="testcases.GiftCardCheck" name="Checkcustomizationvisible" time="0.181"/>
  <testcase classname="testcases.GiftCardCheck" name="Customizing" time="1.17"/>
  <testcase classname="testcases.GiftCardCheck" name="filldetailsvisible" time="0.14"/>
  <testcase classname="testcases.GiftCardCheck" name="invalidDetailsFilling" time="3.075"/>
  <testcase classname="testcases.GiftCardCheck" name="captureAndDisplayErrorMessage" time="0.588"/>
  <testcase classname="testcases.GiftCardCheck" name="validateDetails" time="0.966"/>
  <testcase classname="testcases.GiftCardCheck" name="validateAllDetails" time="0.576"/>
  <testcase classname="testcases.GiftCardCheck" name="writeDetailsToJson" time="0.001"/>
  <testcase classname="testcases.GiftCardCheck" name="compareDetails" time="0.014"/>
  <testcase classname="testbase.BaseClass" name="@BeforeTest setup" time="0.0">
    <ignored/>
  </testcase> <!-- @BeforeTest setup -->
  <testcase classname="testbase.BaseClass" name="@AfterTest teardown" time="0.0">
    <ignored/>
  </testcase> <!-- @AfterTest teardown -->
  <testcase classname="testbase.BaseClass" name="@AfterTest teardown" time="0.0">
    <ignored/>
  </testcase> <!-- @AfterTest teardown -->
  <testcase classname="testbase.BaseClass" name="@BeforeTest setup" time="0.0">
    <ignored/>
  </testcase> <!-- @BeforeTest setup -->
</testsuite> <!-- EdgeTest -->
