<?xml version="1.0" encoding="UTF-8"?>
<!-- Generated by org.testng.reporters.JUnitXMLReporter -->
<testsuite ignored="4" hostname="LTIN203200" failures="0" tests="31" name="EdgeTest" time="142.249" errors="0" timestamp="2024-03-07T16:53:24 IST">
  <testcase classname="testcases.BookshelvesCheck" name="verifyBookShelves" time="0.331"/>
  <testcase classname="testcases.BookshelvesCheck" name="clickBookShelves" time="5.255"/>
  <testcase classname="testcases.BookshelvesCheck" name="checkpopup" time="2.376"/>
  <testcase classname="testcases.BookshelvesCheck" name="popupClose" time="0.37"/>
  <testcase classname="testcases.BookshelvesCheck" name="checkpriceFilter" time="0.097"/>
  <testcase classname="testcases.BookshelvesCheck" name="setPriceFilter" time="0.905"/>
  <testcase classname="testcases.BookshelvesCheck" name="checksort" time="0.085"/>
  <testcase classname="testcases.BookshelvesCheck" name="sortByPriceHighToLow" time="1.196"/>
  <testcase classname="testcases.BookshelvesCheck" name="checkcategory" time="0.605"/>
  <testcase classname="testcases.BookshelvesCheck" name="chooseCategory" time="0.828"/>
  <testcase classname="testcases.BookshelvesCheck" name="checkCheckbox" time="0.148"/>
  <testcase classname="testcases.BookshelvesCheck" name="outOfStockCheckbox" time="0.241"/>
  <testcase classname="testcases.BookshelvesCheck" name="getBookDetails" time="0.419"/>
  <testcase classname="testcases.BookshelvesCheck" name="writeExcel" time="0.152"/>
  <testcase classname="testcases.DropDownCheck" name="CheckLiving" time="0.191"/>
  <testcase classname="testcases.DropDownCheck" name="SelectLiving" time="0.166"/>
  <testcase classname="testcases.DropDownCheck" name="getLivingDetails" time="1.044"/>
  <testcase classname="testcases.DropDownCheck" name="collectingDetails" time="0.156"/>
  <testcase classname="testcases.GiftCardCheck" name="CheckGiftCards" time="2.375"/>
  <testcase classname="testcases.GiftCardCheck" name="GetGiftCards" time="31.454"/>
  <testcase classname="testcases.GiftCardCheck" name="CheckBirthday" time="0.114"/>
  <testcase classname="testcases.GiftCardCheck" name="SelectBirthday" time="0.236"/>
  <testcase classname="testcases.GiftCardCheck" name="Checkcustomizationvisible" time="0.214"/>
  <testcase classname="testcases.GiftCardCheck" name="Customizing" time="1.028"/>
  <testcase classname="testcases.GiftCardCheck" name="filldetailsvisible" time="0.135"/>
  <testcase classname="testcases.GiftCardCheck" name="invalidDetailsFilling" time="2.851"/>
  <testcase classname="testcases.GiftCardCheck" name="captureAndDisplayErrorMessage" time="0.305"/>
  <testcase classname="testcases.GiftCardCheck" name="validateDetails" time="0.451"/>
  <testcase classname="testcases.GiftCardCheck" name="validateAllDetails" time="0.373"/>
  <testcase classname="testcases.GiftCardCheck" name="writeDetailsToJson" time="0.009"/>
  <testcase classname="testcases.GiftCardCheck" name="compareDetails" time="0.002"/>
  <testcase classname="testbase.BaseClass" name="@BeforeTest setup" time="0.0">
    <ignored/>
  </testcase> <!-- @BeforeTest setup -->
  <testcase classname="testbase.BaseClass" name="@AfterTest teardown" time="0.0">
    <ignored/>
  </testcase> <!-- @AfterTest teardown -->
  <testcase classname="testbase.BaseClass" name="@AfterTest teardown" time="0.0">
    <ignored/>
  </testcase> <!-- @AfterTest teardown -->
  <testcase classname="testbase.BaseClass" name="@BeforeTest setup" time="0.0">
    <ignored/>
  </testcase> <!-- @BeforeTest setup -->
</testsuite> <!-- EdgeTest -->
