<?xml version="1.0" encoding="UTF-8"?>
<!-- Generated by org.testng.reporters.JUnitXMLReporter -->
<testsuite ignored="4" hostname="LTIN203200" failures="0" tests="31" name="ChromeTest" time="119.45" errors="0" timestamp="2024-03-05T09:38:49 IST">
  <testcase classname="testcases.BookshelvesCheck" name="verifyBookShelves" time="0.456"/>
  <testcase classname="testcases.BookshelvesCheck" name="clickBookShelves" time="2.975"/>
  <testcase classname="testcases.BookshelvesCheck" name="checkpopup" time="2.437"/>
  <testcase classname="testcases.BookshelvesCheck" name="popupClose" time="0.406"/>
  <testcase classname="testcases.BookshelvesCheck" name="checkpriceFilter" time="0.146"/>
  <testcase classname="testcases.BookshelvesCheck" name="setPriceFilter" time="1.101"/>
  <testcase classname="testcases.BookshelvesCheck" name="checksort" time="0.408"/>
  <testcase classname="testcases.BookshelvesCheck" name="sortByPriceHighToLow" time="0.389"/>
  <testcase classname="testcases.BookshelvesCheck" name="checkcategory" time="0.122"/>
  <testcase classname="testcases.BookshelvesCheck" name="chooseCategory" time="0.595"/>
  <testcase classname="testcases.BookshelvesCheck" name="checkCheckbox" time="0.1"/>
  <testcase classname="testcases.BookshelvesCheck" name="outOfStockCheckbox" time="0.261"/>
  <testcase classname="testcases.BookshelvesCheck" name="getBookDetails" time="0.599"/>
  <testcase classname="testcases.BookshelvesCheck" name="writeExcel" time="2.425"/>
  <testcase classname="testcases.DropDownCheck" name="CheckLiving" time="0.137"/>
  <testcase classname="testcases.DropDownCheck" name="SelectLiving" time="0.089"/>
  <testcase classname="testcases.DropDownCheck" name="getLivingDetails" time="0.895"/>
  <testcase classname="testcases.DropDownCheck" name="collectingDetails" time="0.122"/>
  <testcase classname="testcases.GiftCardCheck" name="CheckGiftCards" time="2.772"/>
  <testcase classname="testcases.GiftCardCheck" name="GetGiftCards" time="14.21"/>
  <testcase classname="testcases.GiftCardCheck" name="CheckBirthday" time="0.155"/>
  <testcase classname="testcases.GiftCardCheck" name="SelectBirthday" time="0.175"/>
  <testcase classname="testcases.GiftCardCheck" name="Checkcustomizationvisible" time="0.099"/>
  <testcase classname="testcases.GiftCardCheck" name="Customizing" time="1.211"/>
  <testcase classname="testcases.GiftCardCheck" name="filldetailsvisible" time="0.305"/>
  <testcase classname="testcases.GiftCardCheck" name="invalidDetailsFilling" time="1.957"/>
  <testcase classname="testcases.GiftCardCheck" name="captureAndDisplayErrorMessage" time="0.273"/>
  <testcase classname="testcases.GiftCardCheck" name="validateDetails" time="0.809"/>
  <testcase classname="testcases.GiftCardCheck" name="validateAllDetails" time="0.47"/>
  <testcase classname="testcases.GiftCardCheck" name="writeDetailsToJson" time="0.0"/>
  <testcase classname="testcases.GiftCardCheck" name="compareDetails" time="0.01"/>
  <testcase classname="testbase.BaseClass" name="@BeforeTest setup" time="0.0">
    <ignored/>
  </testcase> <!-- @BeforeTest setup -->
  <testcase classname="testbase.BaseClass" name="@AfterTest teardown" time="0.0">
    <ignored/>
  </testcase> <!-- @AfterTest teardown -->
  <testcase classname="testbase.BaseClass" name="@AfterTest teardown" time="0.0">
    <ignored/>
  </testcase> <!-- @AfterTest teardown -->
  <testcase classname="testbase.BaseClass" name="@BeforeTest setup" time="0.0">
    <ignored/>
  </testcase> <!-- @BeforeTest setup -->
</testsuite> <!-- ChromeTest -->
