<?xml version="1.0" encoding="UTF-8"?>
<!-- Generated by org.testng.reporters.JUnitXMLReporter -->
<testsuite ignored="4" hostname="LTIN203200" failures="1" tests="31" name="EdgeTest" time="239.62" errors="0" timestamp="2024-03-05T09:43:05 IST">
  <testcase classname="testcases.BookshelvesCheck" name="verifyBookShelves" time="0.328"/>
  <testcase classname="testcases.BookshelvesCheck" name="clickBookShelves" time="2.73"/>
  <testcase classname="testcases.BookshelvesCheck" name="checkpopup" time="1.998"/>
  <testcase classname="testcases.BookshelvesCheck" name="popupClose" time="0.744"/>
  <testcase classname="testcases.BookshelvesCheck" name="checkpriceFilter" time="0.211"/>
  <testcase classname="testcases.BookshelvesCheck" name="setPriceFilter" time="1.35"/>
  <testcase classname="testcases.BookshelvesCheck" name="checksort" time="0.134"/>
  <testcase classname="testcases.BookshelvesCheck" name="sortByPriceHighToLow" time="0.593"/>
  <testcase classname="testcases.BookshelvesCheck" name="checkcategory" time="0.174"/>
  <testcase classname="testcases.BookshelvesCheck" name="chooseCategory" time="0.988"/>
  <testcase classname="testcases.BookshelvesCheck" name="checkCheckbox" time="0.127"/>
  <testcase classname="testcases.BookshelvesCheck" name="outOfStockCheckbox" time="0.619"/>
  <testcase classname="testcases.BookshelvesCheck" name="getBookDetails" time="1.517"/>
  <testcase classname="testcases.BookshelvesCheck" name="writeExcel" time="0.11"/>
  <testcase classname="testcases.DropDownCheck" name="CheckLiving" time="0.274"/>
  <testcase classname="testcases.DropDownCheck" name="SelectLiving" time="0.109"/>
  <testcase classname="testcases.DropDownCheck" name="getLivingDetails" time="1.01"/>
  <testcase classname="testcases.DropDownCheck" name="collectingDetails" time="0.08">
    <failure type="java.io.FileNotFoundException" message="C:\Users\2303842\eclipse-workspace\HackathonProject\testdata\TestData.xlsx (The process cannot access the file because it is being used by another process)">
      <![CDATA[java.io.FileNotFoundException: C:\Users\2303842\eclipse-workspace\HackathonProject\testdata\TestData.xlsx (The process cannot access the file because it is being used by another process)
at java.base/java.io.FileOutputStream.open0(Native Method)
at java.base/java.io.FileOutputStream.open(FileOutputStream.java:293)
at java.base/java.io.FileOutputStream.<init>(FileOutputStream.java:235)
at java.base/java.io.FileOutputStream.<init>(FileOutputStream.java:184)
at utilities.ExcelUtils.writeExcelsDetails(ExcelUtils.java:80)
at pageobject.DropdownDetails.excelDetails(DropdownDetails.java:70)
at testcases.DropDownCheck.collectingDetails(DropDownCheck.java:42)
at java.base/java.util.ArrayList.forEach(ArrayList.java:1511)
... Removed 31 stack frames]]>
    </failure>
  </testcase> <!-- collectingDetails -->
  <testcase classname="testcases.GiftCardCheck" name="CheckGiftCards" time="3.852"/>
  <testcase classname="testcases.GiftCardCheck" name="GetGiftCards" time="12.203"/>
  <testcase classname="testcases.GiftCardCheck" name="CheckBirthday" time="0.476"/>
  <testcase classname="testcases.GiftCardCheck" name="SelectBirthday" time="0.292"/>
  <testcase classname="testcases.GiftCardCheck" name="Checkcustomizationvisible" time="0.378"/>
  <testcase classname="testcases.GiftCardCheck" name="Customizing" time="1.847"/>
  <testcase classname="testcases.GiftCardCheck" name="filldetailsvisible" time="0.714"/>
  <testcase classname="testcases.GiftCardCheck" name="invalidDetailsFilling" time="3.987"/>
  <testcase classname="testcases.GiftCardCheck" name="captureAndDisplayErrorMessage" time="0.654"/>
  <testcase classname="testcases.GiftCardCheck" name="validateDetails" time="1.079"/>
  <testcase classname="testcases.GiftCardCheck" name="validateAllDetails" time="0.819"/>
  <testcase classname="testcases.GiftCardCheck" name="writeDetailsToJson" time="0.0"/>
  <testcase classname="testcases.GiftCardCheck" name="compareDetails" time="0.005"/>
  <testcase classname="testbase.BaseClass" name="@AfterTest teardown" time="0.0">
    <ignored/>
  </testcase> <!-- @AfterTest teardown -->
  <testcase classname="testbase.BaseClass" name="@AfterTest teardown" time="0.0">
    <ignored/>
  </testcase> <!-- @AfterTest teardown -->
  <testcase classname="testbase.BaseClass" name="@BeforeTest setup" time="0.0">
    <ignored/>
  </testcase> <!-- @BeforeTest setup -->
  <testcase classname="testbase.BaseClass" name="@BeforeTest setup" time="0.0">
    <ignored/>
  </testcase> <!-- @BeforeTest setup -->
</testsuite> <!-- EdgeTest -->
