<?xml version="1.0" encoding="UTF-8"?>
<!-- Generated by org.testng.reporters.JUnitXMLReporter -->
<testsuite ignored="30" hostname="LTIN203200" failures="1" tests="1" name="ChromeTest(failed)" time="23.365" errors="0" timestamp="2024-02-29T11:19:40 IST">
  <testcase classname="testcases.EndtoEnd" name="getBookDetails" time="0.027">
    <failure type="java.lang.NullPointerException" message="Cannot invoke &amp;quot;pageobject.HomePage.getBookshelvesDetails()&amp;quot; because &amp;quot;this.hp&amp;quot; is null">
      <![CDATA[java.lang.NullPointerException: Cannot invoke "pageobject.HomePage.getBookshelvesDetails()" because "this.hp" is null
at testcases.EndtoEnd.getBookDetails(EndtoEnd.java:97)
at java.base/java.util.ArrayList.forEach(ArrayList.java:1511)
... Removed 27 stack frames]]>
    </failure>
  </testcase> <!-- getBookDetails -->
  <testcase classname="testcases.EndtoEnd" name="SelectLiving" time="0.0">
    <ignored/>
  </testcase> <!-- SelectLiving -->
  <testcase classname="testcases.EndtoEnd" name="CheckBirthday" time="0.0">
    <ignored/>
  </testcase> <!-- CheckBirthday -->
  <testcase classname="testcases.EndtoEnd" name="filldetailsvisible" time="0.0">
    <ignored/>
  </testcase> <!-- filldetailsvisible -->
  <testcase classname="testcases.EndtoEnd" name="checksort" time="0.0">
    <ignored/>
  </testcase> <!-- checksort -->
  <testcase classname="testcases.EndtoEnd" name="SelectBirthday" time="0.0">
    <ignored/>
  </testcase> <!-- SelectBirthday -->
  <testcase classname="testcases.EndtoEnd" name="checkCheckbox" time="0.0">
    <ignored/>
  </testcase> <!-- checkCheckbox -->
  <testcase classname="testcases.EndtoEnd" name="checkcategory" time="0.0">
    <ignored/>
  </testcase> <!-- checkcategory -->
  <testcase classname="testcases.EndtoEnd" name="setPriceFilter" time="0.0">
    <ignored/>
  </testcase> <!-- setPriceFilter -->
  <testcase classname="testcases.EndtoEnd" name="checkpriceFilter" time="0.0">
    <ignored/>
  </testcase> <!-- checkpriceFilter -->
  <testcase classname="testcases.EndtoEnd" name="getLivingDetails" time="0.0">
    <ignored/>
  </testcase> <!-- getLivingDetails -->
  <testcase classname="testcases.EndtoEnd" name="collectingDetails" time="0.0">
    <ignored/>
  </testcase> <!-- collectingDetails -->
  <testcase classname="testcases.EndtoEnd" name="outOfStockCheckbox" time="0.0">
    <ignored/>
  </testcase> <!-- outOfStockCheckbox -->
  <testcase classname="testcases.EndtoEnd" name="CheckGiftCards" time="0.0">
    <ignored/>
  </testcase> <!-- CheckGiftCards -->
  <testcase classname="testcases.EndtoEnd" name="writeDetailsToJson" time="0.0">
    <ignored/>
  </testcase> <!-- writeDetailsToJson -->
  <testcase classname="testcases.EndtoEnd" name="writeExcel" time="0.0">
    <ignored/>
  </testcase> <!-- writeExcel -->
  <testcase classname="testcases.EndtoEnd" name="CheckLiving" time="0.0">
    <ignored/>
  </testcase> <!-- CheckLiving -->
  <testcase classname="testcases.EndtoEnd" name="sortByPriceHighToLow" time="0.0">
    <ignored/>
  </testcase> <!-- sortByPriceHighToLow -->
  <testcase classname="testcases.EndtoEnd" name="captureAndDisplayErrorMessage" time="0.0">
    <ignored/>
  </testcase> <!-- captureAndDisplayErrorMessage -->
  <testcase classname="testcases.EndtoEnd" name="popupClose" time="0.0">
    <ignored/>
  </testcase> <!-- popupClose -->
  <testcase classname="testcases.EndtoEnd" name="Customizing" time="0.0">
    <ignored/>
  </testcase> <!-- Customizing -->
  <testcase classname="testcases.EndtoEnd" name="checkpopup" time="0.0">
    <ignored/>
  </testcase> <!-- checkpopup -->
  <testcase classname="testcases.EndtoEnd" name="validateDetails" time="0.0">
    <ignored/>
  </testcase> <!-- validateDetails -->
  <testcase classname="testcases.EndtoEnd" name="chooseCategory" time="0.0">
    <ignored/>
  </testcase> <!-- chooseCategory -->
  <testcase classname="testcases.EndtoEnd" name="invalidDetailsFilling" time="0.0">
    <ignored/>
  </testcase> <!-- invalidDetailsFilling -->
  <testcase classname="testcases.EndtoEnd" name="validateAllDetails" time="0.0">
    <ignored/>
  </testcase> <!-- validateAllDetails -->
  <testcase classname="testcases.EndtoEnd" name="verifyBookShelves" time="0.0">
    <ignored/>
  </testcase> <!-- verifyBookShelves -->
  <testcase classname="testcases.EndtoEnd" name="compareDetails" time="0.0">
    <ignored/>
  </testcase> <!-- compareDetails -->
  <testcase classname="testcases.EndtoEnd" name="GetGiftCards" time="0.0">
    <ignored/>
  </testcase> <!-- GetGiftCards -->
  <testcase classname="testcases.EndtoEnd" name="Checkcustomizationvisible" time="0.0">
    <ignored/>
  </testcase> <!-- Checkcustomizationvisible -->
  <testcase classname="testcases.EndtoEnd" name="clickBookShelves" time="0.0">
    <ignored/>
  </testcase> <!-- clickBookShelves -->
</testsuite> <!-- ChromeTest(failed) -->
