<?xml version="1.0" encoding="UTF-8"?>
<testng-results ignored="0" total="62" passed="61" failed="1" skipped="0">
  <reporter-output>
  </reporter-output>
  <suite started-at="2024-03-05T09:36:18 IST" name="Suite" finished-at="2024-03-05T09:42:48 IST" duration-ms="390147">
    <groups>
      <group name="regression">
        <method signature="BookshelvesCheck.clickBookShelves()[pri:2, instance:testcases.BookshelvesCheck@6069db50]" name="clickBookShelves" class="testcases.BookshelvesCheck"/>
        <method signature="DropDownCheck.getLivingDetails()[pri:3, instance:testcases.DropDownCheck@2f9f7dcf]" name="getLivingDetails" class="testcases.DropDownCheck"/>
        <method signature="BookshelvesCheck.popupClose()[pri:4, instance:testcases.BookshelvesCheck@6069db50]" name="popupClose" class="testcases.BookshelvesCheck"/>
        <method signature="DropDownCheck.collectingDetails()[pri:4, instance:testcases.DropDownCheck@2f9f7dcf]" name="collectingDetails" class="testcases.DropDownCheck"/>
        <method signature="BookshelvesCheck.setPriceFilter()[pri:6, instance:testcases.BookshelvesCheck@6069db50]" name="setPriceFilter" class="testcases.BookshelvesCheck"/>
        <method signature="GiftCardCheck.Customizing()[pri:6, instance:testcases.GiftCardCheck@747ddf94]" name="Customizing" class="testcases.GiftCardCheck"/>
        <method signature="BookshelvesCheck.sortByPriceHighToLow()[pri:8, instance:testcases.BookshelvesCheck@6069db50]" name="sortByPriceHighToLow" class="testcases.BookshelvesCheck"/>
        <method signature="GiftCardCheck.invalidDetailsFilling()[pri:8, instance:testcases.GiftCardCheck@747ddf94]" name="invalidDetailsFilling" class="testcases.GiftCardCheck"/>
        <method signature="GiftCardCheck.captureAndDisplayErrorMessage()[pri:9, instance:testcases.GiftCardCheck@747ddf94]" name="captureAndDisplayErrorMessage" class="testcases.GiftCardCheck"/>
        <method signature="BookshelvesCheck.chooseCategory()[pri:10, instance:testcases.BookshelvesCheck@6069db50]" name="chooseCategory" class="testcases.BookshelvesCheck"/>
        <method signature="GiftCardCheck.validateDetails()[pri:10, instance:testcases.GiftCardCheck@747ddf94]" name="validateDetails" class="testcases.GiftCardCheck"/>
        <method signature="GiftCardCheck.validateAllDetails()[pri:11, instance:testcases.GiftCardCheck@747ddf94]" name="validateAllDetails" class="testcases.GiftCardCheck"/>
        <method signature="BookshelvesCheck.outOfStockCheckbox()[pri:12, instance:testcases.BookshelvesCheck@6069db50]" name="outOfStockCheckbox" class="testcases.BookshelvesCheck"/>
        <method signature="GiftCardCheck.writeDetailsToJson()[pri:12, instance:testcases.GiftCardCheck@747ddf94]" name="writeDetailsToJson" class="testcases.GiftCardCheck"/>
        <method signature="BookshelvesCheck.getBookDetails()[pri:13, instance:testcases.BookshelvesCheck@6069db50]" name="getBookDetails" class="testcases.BookshelvesCheck"/>
        <method signature="GiftCardCheck.compareDetails()[pri:13, instance:testcases.GiftCardCheck@747ddf94]" name="compareDetails" class="testcases.GiftCardCheck"/>
        <method signature="BookshelvesCheck.writeExcel()[pri:14, instance:testcases.BookshelvesCheck@6069db50]" name="writeExcel" class="testcases.BookshelvesCheck"/>
        <method signature="BookshelvesCheck.clickBookShelves()[pri:2, instance:testcases.BookshelvesCheck@4802796d]" name="clickBookShelves" class="testcases.BookshelvesCheck"/>
        <method signature="DropDownCheck.getLivingDetails()[pri:3, instance:testcases.DropDownCheck@34123d65]" name="getLivingDetails" class="testcases.DropDownCheck"/>
        <method signature="BookshelvesCheck.popupClose()[pri:4, instance:testcases.BookshelvesCheck@4802796d]" name="popupClose" class="testcases.BookshelvesCheck"/>
        <method signature="DropDownCheck.collectingDetails()[pri:4, instance:testcases.DropDownCheck@34123d65]" name="collectingDetails" class="testcases.DropDownCheck"/>
        <method signature="BookshelvesCheck.setPriceFilter()[pri:6, instance:testcases.BookshelvesCheck@4802796d]" name="setPriceFilter" class="testcases.BookshelvesCheck"/>
        <method signature="GiftCardCheck.Customizing()[pri:6, instance:testcases.GiftCardCheck@59474f18]" name="Customizing" class="testcases.GiftCardCheck"/>
        <method signature="BookshelvesCheck.sortByPriceHighToLow()[pri:8, instance:testcases.BookshelvesCheck@4802796d]" name="sortByPriceHighToLow" class="testcases.BookshelvesCheck"/>
        <method signature="GiftCardCheck.invalidDetailsFilling()[pri:8, instance:testcases.GiftCardCheck@59474f18]" name="invalidDetailsFilling" class="testcases.GiftCardCheck"/>
        <method signature="GiftCardCheck.captureAndDisplayErrorMessage()[pri:9, instance:testcases.GiftCardCheck@59474f18]" name="captureAndDisplayErrorMessage" class="testcases.GiftCardCheck"/>
        <method signature="BookshelvesCheck.chooseCategory()[pri:10, instance:testcases.BookshelvesCheck@4802796d]" name="chooseCategory" class="testcases.BookshelvesCheck"/>
        <method signature="GiftCardCheck.validateDetails()[pri:10, instance:testcases.GiftCardCheck@59474f18]" name="validateDetails" class="testcases.GiftCardCheck"/>
        <method signature="GiftCardCheck.validateAllDetails()[pri:11, instance:testcases.GiftCardCheck@59474f18]" name="validateAllDetails" class="testcases.GiftCardCheck"/>
        <method signature="BookshelvesCheck.outOfStockCheckbox()[pri:12, instance:testcases.BookshelvesCheck@4802796d]" name="outOfStockCheckbox" class="testcases.BookshelvesCheck"/>
        <method signature="GiftCardCheck.writeDetailsToJson()[pri:12, instance:testcases.GiftCardCheck@59474f18]" name="writeDetailsToJson" class="testcases.GiftCardCheck"/>
        <method signature="BookshelvesCheck.getBookDetails()[pri:13, instance:testcases.BookshelvesCheck@4802796d]" name="getBookDetails" class="testcases.BookshelvesCheck"/>
        <method signature="GiftCardCheck.compareDetails()[pri:13, instance:testcases.GiftCardCheck@59474f18]" name="compareDetails" class="testcases.GiftCardCheck"/>
        <method signature="BookshelvesCheck.writeExcel()[pri:14, instance:testcases.BookshelvesCheck@4802796d]" name="writeExcel" class="testcases.BookshelvesCheck"/>
      </group> <!-- regression -->
      <group name="smoke">
        <method signature="BookshelvesCheck.verifyBookShelves()[pri:1, instance:testcases.BookshelvesCheck@6069db50]" name="verifyBookShelves" class="testcases.BookshelvesCheck"/>
        <method signature="DropDownCheck.CheckLiving()[pri:1, instance:testcases.DropDownCheck@2f9f7dcf]" name="CheckLiving" class="testcases.DropDownCheck"/>
        <method signature="GiftCardCheck.CheckGiftCards()[pri:1, instance:testcases.GiftCardCheck@747ddf94]" name="CheckGiftCards" class="testcases.GiftCardCheck"/>
        <method signature="BookshelvesCheck.clickBookShelves()[pri:2, instance:testcases.BookshelvesCheck@6069db50]" name="clickBookShelves" class="testcases.BookshelvesCheck"/>
        <method signature="DropDownCheck.SelectLiving()[pri:2, instance:testcases.DropDownCheck@2f9f7dcf]" name="SelectLiving" class="testcases.DropDownCheck"/>
        <method signature="GiftCardCheck.GetGiftCards()[pri:2, instance:testcases.GiftCardCheck@747ddf94]" name="GetGiftCards" class="testcases.GiftCardCheck"/>
        <method signature="BookshelvesCheck.checkpopup()[pri:3, instance:testcases.BookshelvesCheck@6069db50]" name="checkpopup" class="testcases.BookshelvesCheck"/>
        <method signature="GiftCardCheck.CheckBirthday()[pri:3, instance:testcases.GiftCardCheck@747ddf94]" name="CheckBirthday" class="testcases.GiftCardCheck"/>
        <method signature="BookshelvesCheck.popupClose()[pri:4, instance:testcases.BookshelvesCheck@6069db50]" name="popupClose" class="testcases.BookshelvesCheck"/>
        <method signature="GiftCardCheck.SelectBirthday()[pri:4, instance:testcases.GiftCardCheck@747ddf94]" name="SelectBirthday" class="testcases.GiftCardCheck"/>
        <method signature="BookshelvesCheck.checkpriceFilter()[pri:5, instance:testcases.BookshelvesCheck@6069db50]" name="checkpriceFilter" class="testcases.BookshelvesCheck"/>
        <method signature="GiftCardCheck.Checkcustomizationvisible()[pri:5, instance:testcases.GiftCardCheck@747ddf94]" name="Checkcustomizationvisible" class="testcases.GiftCardCheck"/>
        <method signature="BookshelvesCheck.checksort()[pri:7, instance:testcases.BookshelvesCheck@6069db50]" name="checksort" class="testcases.BookshelvesCheck"/>
        <method signature="GiftCardCheck.filldetailsvisible()[pri:7, instance:testcases.GiftCardCheck@747ddf94]" name="filldetailsvisible" class="testcases.GiftCardCheck"/>
        <method signature="BookshelvesCheck.checkcategory()[pri:9, instance:testcases.BookshelvesCheck@6069db50]" name="checkcategory" class="testcases.BookshelvesCheck"/>
        <method signature="BookshelvesCheck.checkCheckbox()[pri:11, instance:testcases.BookshelvesCheck@6069db50]" name="checkCheckbox" class="testcases.BookshelvesCheck"/>
        <method signature="BookshelvesCheck.verifyBookShelves()[pri:1, instance:testcases.BookshelvesCheck@4802796d]" name="verifyBookShelves" class="testcases.BookshelvesCheck"/>
        <method signature="DropDownCheck.CheckLiving()[pri:1, instance:testcases.DropDownCheck@34123d65]" name="CheckLiving" class="testcases.DropDownCheck"/>
        <method signature="GiftCardCheck.CheckGiftCards()[pri:1, instance:testcases.GiftCardCheck@59474f18]" name="CheckGiftCards" class="testcases.GiftCardCheck"/>
        <method signature="BookshelvesCheck.clickBookShelves()[pri:2, instance:testcases.BookshelvesCheck@4802796d]" name="clickBookShelves" class="testcases.BookshelvesCheck"/>
        <method signature="DropDownCheck.SelectLiving()[pri:2, instance:testcases.DropDownCheck@34123d65]" name="SelectLiving" class="testcases.DropDownCheck"/>
        <method signature="GiftCardCheck.GetGiftCards()[pri:2, instance:testcases.GiftCardCheck@59474f18]" name="GetGiftCards" class="testcases.GiftCardCheck"/>
        <method signature="BookshelvesCheck.checkpopup()[pri:3, instance:testcases.BookshelvesCheck@4802796d]" name="checkpopup" class="testcases.BookshelvesCheck"/>
        <method signature="GiftCardCheck.CheckBirthday()[pri:3, instance:testcases.GiftCardCheck@59474f18]" name="CheckBirthday" class="testcases.GiftCardCheck"/>
        <method signature="BookshelvesCheck.popupClose()[pri:4, instance:testcases.BookshelvesCheck@4802796d]" name="popupClose" class="testcases.BookshelvesCheck"/>
        <method signature="GiftCardCheck.SelectBirthday()[pri:4, instance:testcases.GiftCardCheck@59474f18]" name="SelectBirthday" class="testcases.GiftCardCheck"/>
        <method signature="BookshelvesCheck.checkpriceFilter()[pri:5, instance:testcases.BookshelvesCheck@4802796d]" name="checkpriceFilter" class="testcases.BookshelvesCheck"/>
        <method signature="GiftCardCheck.Checkcustomizationvisible()[pri:5, instance:testcases.GiftCardCheck@59474f18]" name="Checkcustomizationvisible" class="testcases.GiftCardCheck"/>
        <method signature="BookshelvesCheck.checksort()[pri:7, instance:testcases.BookshelvesCheck@4802796d]" name="checksort" class="testcases.BookshelvesCheck"/>
        <method signature="GiftCardCheck.filldetailsvisible()[pri:7, instance:testcases.GiftCardCheck@59474f18]" name="filldetailsvisible" class="testcases.GiftCardCheck"/>
        <method signature="BookshelvesCheck.checkcategory()[pri:9, instance:testcases.BookshelvesCheck@4802796d]" name="checkcategory" class="testcases.BookshelvesCheck"/>
        <method signature="BookshelvesCheck.checkCheckbox()[pri:11, instance:testcases.BookshelvesCheck@4802796d]" name="checkCheckbox" class="testcases.BookshelvesCheck"/>
      </group> <!-- smoke -->
    </groups>
    <test started-at="2024-03-05T09:36:18 IST" name="ChromeTest" finished-at="2024-03-05T09:38:18 IST" duration-ms="119450">
      <class name="testcases.GiftCardCheck">
        <test-method signature="CheckGiftCards()[pri:1, instance:testcases.GiftCardCheck@747ddf94]" started-at="2024-03-05T09:37:46 IST" name="CheckGiftCards" finished-at="2024-03-05T09:37:49 IST" duration-ms="2772" status="PASS">
          <reporter-output>
          </reporter-output>
        </test-method> <!-- CheckGiftCards -->
        <test-method signature="GetGiftCards()[pri:2, instance:testcases.GiftCardCheck@747ddf94]" started-at="2024-03-05T09:37:49 IST" name="GetGiftCards" finished-at="2024-03-05T09:38:03 IST" duration-ms="14210" status="PASS">
          <reporter-output>
          </reporter-output>
        </test-method> <!-- GetGiftCards -->
        <test-method signature="CheckBirthday()[pri:3, instance:testcases.GiftCardCheck@747ddf94]" started-at="2024-03-05T09:38:05 IST" name="CheckBirthday" finished-at="2024-03-05T09:38:05 IST" duration-ms="155" status="PASS">
          <reporter-output>
          </reporter-output>
        </test-method> <!-- CheckBirthday -->
        <test-method signature="SelectBirthday()[pri:4, instance:testcases.GiftCardCheck@747ddf94]" started-at="2024-03-05T09:38:06 IST" name="SelectBirthday" finished-at="2024-03-05T09:38:06 IST" duration-ms="175" status="PASS">
          <reporter-output>
          </reporter-output>
        </test-method> <!-- SelectBirthday -->
        <test-method signature="Checkcustomizationvisible()[pri:5, instance:testcases.GiftCardCheck@747ddf94]" started-at="2024-03-05T09:38:06 IST" name="Checkcustomizationvisible" finished-at="2024-03-05T09:38:06 IST" duration-ms="99" status="PASS">
          <reporter-output>
          </reporter-output>
        </test-method> <!-- Checkcustomizationvisible -->
        <test-method signature="Customizing()[pri:6, instance:testcases.GiftCardCheck@747ddf94]" started-at="2024-03-05T09:38:07 IST" name="Customizing" finished-at="2024-03-05T09:38:08 IST" duration-ms="1211" status="PASS">
          <reporter-output>
          </reporter-output>
        </test-method> <!-- Customizing -->
        <test-method signature="filldetailsvisible()[pri:7, instance:testcases.GiftCardCheck@747ddf94]" started-at="2024-03-05T09:38:08 IST" name="filldetailsvisible" finished-at="2024-03-05T09:38:09 IST" duration-ms="305" status="PASS">
          <reporter-output>
          </reporter-output>
        </test-method> <!-- filldetailsvisible -->
        <test-method signature="invalidDetailsFilling()[pri:8, instance:testcases.GiftCardCheck@747ddf94]" started-at="2024-03-05T09:38:09 IST" name="invalidDetailsFilling" finished-at="2024-03-05T09:38:11 IST" duration-ms="1957" status="PASS">
          <reporter-output>
          </reporter-output>
        </test-method> <!-- invalidDetailsFilling -->
        <test-method signature="captureAndDisplayErrorMessage()[pri:9, instance:testcases.GiftCardCheck@747ddf94]" started-at="2024-03-05T09:38:11 IST" name="captureAndDisplayErrorMessage" finished-at="2024-03-05T09:38:12 IST" duration-ms="273" status="PASS">
          <reporter-output>
          </reporter-output>
        </test-method> <!-- captureAndDisplayErrorMessage -->
        <test-method signature="validateDetails()[pri:10, instance:testcases.GiftCardCheck@747ddf94]" started-at="2024-03-05T09:38:12 IST" name="validateDetails" finished-at="2024-03-05T09:38:13 IST" duration-ms="809" status="PASS">
          <reporter-output>
          </reporter-output>
        </test-method> <!-- validateDetails -->
        <test-method signature="validateAllDetails()[pri:11, instance:testcases.GiftCardCheck@747ddf94]" started-at="2024-03-05T09:38:14 IST" name="validateAllDetails" finished-at="2024-03-05T09:38:15 IST" duration-ms="470" status="PASS">
          <reporter-output>
          </reporter-output>
        </test-method> <!-- validateAllDetails -->
        <test-method signature="writeDetailsToJson()[pri:12, instance:testcases.GiftCardCheck@747ddf94]" started-at="2024-03-05T09:38:15 IST" name="writeDetailsToJson" finished-at="2024-03-05T09:38:15 IST" duration-ms="0" status="PASS">
          <reporter-output>
          </reporter-output>
        </test-method> <!-- writeDetailsToJson -->
        <test-method signature="compareDetails()[pri:13, instance:testcases.GiftCardCheck@747ddf94]" started-at="2024-03-05T09:38:16 IST" name="compareDetails" finished-at="2024-03-05T09:38:16 IST" duration-ms="10" status="PASS">
          <reporter-output>
          </reporter-output>
        </test-method> <!-- compareDetails -->
      </class> <!-- testcases.GiftCardCheck -->
      <class name="testcases.DropDownCheck">
        <test-method signature="CheckLiving()[pri:1, instance:testcases.DropDownCheck@2f9f7dcf]" started-at="2024-03-05T09:37:43 IST" name="CheckLiving" finished-at="2024-03-05T09:37:44 IST" duration-ms="137" status="PASS">
          <reporter-output>
          </reporter-output>
        </test-method> <!-- CheckLiving -->
        <test-method signature="SelectLiving()[pri:2, instance:testcases.DropDownCheck@2f9f7dcf]" started-at="2024-03-05T09:37:44 IST" name="SelectLiving" finished-at="2024-03-05T09:37:44 IST" duration-ms="89" status="PASS">
          <reporter-output>
          </reporter-output>
        </test-method> <!-- SelectLiving -->
        <test-method signature="getLivingDetails()[pri:3, instance:testcases.DropDownCheck@2f9f7dcf]" started-at="2024-03-05T09:37:44 IST" name="getLivingDetails" finished-at="2024-03-05T09:37:45 IST" duration-ms="895" status="PASS">
          <reporter-output>
          </reporter-output>
        </test-method> <!-- getLivingDetails -->
        <test-method signature="collectingDetails()[pri:4, instance:testcases.DropDownCheck@2f9f7dcf]" started-at="2024-03-05T09:37:45 IST" name="collectingDetails" finished-at="2024-03-05T09:37:45 IST" duration-ms="122" status="PASS">
          <reporter-output>
          </reporter-output>
        </test-method> <!-- collectingDetails -->
      </class> <!-- testcases.DropDownCheck -->
      <class name="testcases.BookshelvesCheck">
        <test-method is-config="true" signature="setup(java.lang.String)[pri:0, instance:testcases.BookshelvesCheck@6069db50]" started-at="2024-03-05T09:36:19 IST" name="setup" finished-at="2024-03-05T09:37:24 IST" duration-ms="64343" status="PASS">
          <params>
            <param index="0">
              <value>
                <![CDATA[Chrome]]>
              </value>
            </param>
          </params>
          <reporter-output>
          </reporter-output>
        </test-method> <!-- setup -->
        <test-method signature="verifyBookShelves()[pri:1, instance:testcases.BookshelvesCheck@6069db50]" started-at="2024-03-05T09:37:24 IST" name="verifyBookShelves" finished-at="2024-03-05T09:37:24 IST" duration-ms="456" status="PASS">
          <reporter-output>
          </reporter-output>
        </test-method> <!-- verifyBookShelves -->
        <test-method signature="clickBookShelves()[pri:2, instance:testcases.BookshelvesCheck@6069db50]" started-at="2024-03-05T09:37:25 IST" name="clickBookShelves" finished-at="2024-03-05T09:37:28 IST" duration-ms="2975" status="PASS">
          <reporter-output>
          </reporter-output>
        </test-method> <!-- clickBookShelves -->
        <test-method signature="checkpopup()[pri:3, instance:testcases.BookshelvesCheck@6069db50]" started-at="2024-03-05T09:37:29 IST" name="checkpopup" finished-at="2024-03-05T09:37:31 IST" duration-ms="2437" status="PASS">
          <reporter-output>
          </reporter-output>
        </test-method> <!-- checkpopup -->
        <test-method signature="popupClose()[pri:4, instance:testcases.BookshelvesCheck@6069db50]" started-at="2024-03-05T09:37:32 IST" name="popupClose" finished-at="2024-03-05T09:37:32 IST" duration-ms="406" status="PASS">
          <reporter-output>
          </reporter-output>
        </test-method> <!-- popupClose -->
        <test-method signature="checkpriceFilter()[pri:5, instance:testcases.BookshelvesCheck@6069db50]" started-at="2024-03-05T09:37:33 IST" name="checkpriceFilter" finished-at="2024-03-05T09:37:33 IST" duration-ms="146" status="PASS">
          <reporter-output>
          </reporter-output>
        </test-method> <!-- checkpriceFilter -->
        <test-method signature="setPriceFilter()[pri:6, instance:testcases.BookshelvesCheck@6069db50]" started-at="2024-03-05T09:37:34 IST" name="setPriceFilter" finished-at="2024-03-05T09:37:35 IST" duration-ms="1101" status="PASS">
          <reporter-output>
          </reporter-output>
        </test-method> <!-- setPriceFilter -->
        <test-method signature="checksort()[pri:7, instance:testcases.BookshelvesCheck@6069db50]" started-at="2024-03-05T09:37:35 IST" name="checksort" finished-at="2024-03-05T09:37:36 IST" duration-ms="408" status="PASS">
          <reporter-output>
          </reporter-output>
        </test-method> <!-- checksort -->
        <test-method signature="sortByPriceHighToLow()[pri:8, instance:testcases.BookshelvesCheck@6069db50]" started-at="2024-03-05T09:37:36 IST" name="sortByPriceHighToLow" finished-at="2024-03-05T09:37:37 IST" duration-ms="389" status="PASS">
          <reporter-output>
          </reporter-output>
        </test-method> <!-- sortByPriceHighToLow -->
        <test-method signature="checkcategory()[pri:9, instance:testcases.BookshelvesCheck@6069db50]" started-at="2024-03-05T09:37:37 IST" name="checkcategory" finished-at="2024-03-05T09:37:37 IST" duration-ms="122" status="PASS">
          <reporter-output>
          </reporter-output>
        </test-method> <!-- checkcategory -->
        <test-method signature="chooseCategory()[pri:10, instance:testcases.BookshelvesCheck@6069db50]" started-at="2024-03-05T09:37:37 IST" name="chooseCategory" finished-at="2024-03-05T09:37:38 IST" duration-ms="595" status="PASS">
          <reporter-output>
          </reporter-output>
        </test-method> <!-- chooseCategory -->
        <test-method signature="checkCheckbox()[pri:11, instance:testcases.BookshelvesCheck@6069db50]" started-at="2024-03-05T09:37:39 IST" name="checkCheckbox" finished-at="2024-03-05T09:37:39 IST" duration-ms="100" status="PASS">
          <reporter-output>
          </reporter-output>
        </test-method> <!-- checkCheckbox -->
        <test-method signature="outOfStockCheckbox()[pri:12, instance:testcases.BookshelvesCheck@6069db50]" started-at="2024-03-05T09:37:39 IST" name="outOfStockCheckbox" finished-at="2024-03-05T09:37:39 IST" duration-ms="261" status="PASS">
          <reporter-output>
          </reporter-output>
        </test-method> <!-- outOfStockCheckbox -->
        <test-method signature="getBookDetails()[pri:13, instance:testcases.BookshelvesCheck@6069db50]" started-at="2024-03-05T09:37:40 IST" name="getBookDetails" finished-at="2024-03-05T09:37:40 IST" duration-ms="599" status="PASS">
          <reporter-output>
          </reporter-output>
        </test-method> <!-- getBookDetails -->
        <test-method signature="writeExcel()[pri:14, instance:testcases.BookshelvesCheck@6069db50]" started-at="2024-03-05T09:37:41 IST" name="writeExcel" finished-at="2024-03-05T09:37:43 IST" duration-ms="2425" status="PASS">
          <reporter-output>
          </reporter-output>
        </test-method> <!-- writeExcel -->
        <test-method is-config="true" signature="teardown()[pri:0, instance:testcases.BookshelvesCheck@6069db50]" started-at="2024-03-05T09:38:16 IST" name="teardown" finished-at="2024-03-05T09:38:18 IST" duration-ms="1416" status="PASS">
          <reporter-output>
          </reporter-output>
        </test-method> <!-- teardown -->
      </class> <!-- testcases.BookshelvesCheck -->
    </test> <!-- ChromeTest -->
    <test started-at="2024-03-05T09:38:49 IST" name="EdgeTest" finished-at="2024-03-05T09:42:48 IST" duration-ms="239620">
      <class name="testcases.GiftCardCheck">
        <test-method signature="CheckGiftCards()[pri:1, instance:testcases.GiftCardCheck@59474f18]" started-at="2024-03-05T09:42:12 IST" name="CheckGiftCards" finished-at="2024-03-05T09:42:16 IST" duration-ms="3852" status="PASS">
          <reporter-output>
          </reporter-output>
        </test-method> <!-- CheckGiftCards -->
        <test-method signature="GetGiftCards()[pri:2, instance:testcases.GiftCardCheck@59474f18]" started-at="2024-03-05T09:42:17 IST" name="GetGiftCards" finished-at="2024-03-05T09:42:29 IST" duration-ms="12203" status="PASS">
          <reporter-output>
          </reporter-output>
        </test-method> <!-- GetGiftCards -->
        <test-method signature="CheckBirthday()[pri:3, instance:testcases.GiftCardCheck@59474f18]" started-at="2024-03-05T09:42:30 IST" name="CheckBirthday" finished-at="2024-03-05T09:42:30 IST" duration-ms="476" status="PASS">
          <reporter-output>
          </reporter-output>
        </test-method> <!-- CheckBirthday -->
        <test-method signature="SelectBirthday()[pri:4, instance:testcases.GiftCardCheck@59474f18]" started-at="2024-03-05T09:42:31 IST" name="SelectBirthday" finished-at="2024-03-05T09:42:32 IST" duration-ms="292" status="PASS">
          <reporter-output>
          </reporter-output>
        </test-method> <!-- SelectBirthday -->
        <test-method signature="Checkcustomizationvisible()[pri:5, instance:testcases.GiftCardCheck@59474f18]" started-at="2024-03-05T09:42:32 IST" name="Checkcustomizationvisible" finished-at="2024-03-05T09:42:32 IST" duration-ms="378" status="PASS">
          <reporter-output>
          </reporter-output>
        </test-method> <!-- Checkcustomizationvisible -->
        <test-method signature="Customizing()[pri:6, instance:testcases.GiftCardCheck@59474f18]" started-at="2024-03-05T09:42:33 IST" name="Customizing" finished-at="2024-03-05T09:42:35 IST" duration-ms="1847" status="PASS">
          <reporter-output>
          </reporter-output>
        </test-method> <!-- Customizing -->
        <test-method signature="filldetailsvisible()[pri:7, instance:testcases.GiftCardCheck@59474f18]" started-at="2024-03-05T09:42:36 IST" name="filldetailsvisible" finished-at="2024-03-05T09:42:36 IST" duration-ms="714" status="PASS">
          <reporter-output>
          </reporter-output>
        </test-method> <!-- filldetailsvisible -->
        <test-method signature="invalidDetailsFilling()[pri:8, instance:testcases.GiftCardCheck@59474f18]" started-at="2024-03-05T09:42:37 IST" name="invalidDetailsFilling" finished-at="2024-03-05T09:42:41 IST" duration-ms="3987" status="PASS">
          <reporter-output>
          </reporter-output>
        </test-method> <!-- invalidDetailsFilling -->
        <test-method signature="captureAndDisplayErrorMessage()[pri:9, instance:testcases.GiftCardCheck@59474f18]" started-at="2024-03-05T09:42:41 IST" name="captureAndDisplayErrorMessage" finished-at="2024-03-05T09:42:42 IST" duration-ms="654" status="PASS">
          <reporter-output>
          </reporter-output>
        </test-method> <!-- captureAndDisplayErrorMessage -->
        <test-method signature="validateDetails()[pri:10, instance:testcases.GiftCardCheck@59474f18]" started-at="2024-03-05T09:42:43 IST" name="validateDetails" finished-at="2024-03-05T09:42:44 IST" duration-ms="1079" status="PASS">
          <reporter-output>
          </reporter-output>
        </test-method> <!-- validateDetails -->
        <test-method signature="validateAllDetails()[pri:11, instance:testcases.GiftCardCheck@59474f18]" started-at="2024-03-05T09:42:44 IST" name="validateAllDetails" finished-at="2024-03-05T09:42:45 IST" duration-ms="819" status="PASS">
          <reporter-output>
          </reporter-output>
        </test-method> <!-- validateAllDetails -->
        <test-method signature="writeDetailsToJson()[pri:12, instance:testcases.GiftCardCheck@59474f18]" started-at="2024-03-05T09:42:45 IST" name="writeDetailsToJson" finished-at="2024-03-05T09:42:45 IST" duration-ms="0" status="PASS">
          <reporter-output>
          </reporter-output>
        </test-method> <!-- writeDetailsToJson -->
        <test-method signature="compareDetails()[pri:13, instance:testcases.GiftCardCheck@59474f18]" started-at="2024-03-05T09:42:46 IST" name="compareDetails" finished-at="2024-03-05T09:42:46 IST" duration-ms="5" status="PASS">
          <reporter-output>
          </reporter-output>
        </test-method> <!-- compareDetails -->
      </class> <!-- testcases.GiftCardCheck -->
      <class name="testcases.DropDownCheck">
        <test-method signature="CheckLiving()[pri:1, instance:testcases.DropDownCheck@34123d65]" started-at="2024-03-05T09:42:10 IST" name="CheckLiving" finished-at="2024-03-05T09:42:10 IST" duration-ms="274" status="PASS">
          <reporter-output>
          </reporter-output>
        </test-method> <!-- CheckLiving -->
        <test-method signature="SelectLiving()[pri:2, instance:testcases.DropDownCheck@34123d65]" started-at="2024-03-05T09:42:10 IST" name="SelectLiving" finished-at="2024-03-05T09:42:10 IST" duration-ms="109" status="PASS">
          <reporter-output>
          </reporter-output>
        </test-method> <!-- SelectLiving -->
        <test-method signature="getLivingDetails()[pri:3, instance:testcases.DropDownCheck@34123d65]" started-at="2024-03-05T09:42:11 IST" name="getLivingDetails" finished-at="2024-03-05T09:42:12 IST" duration-ms="1010" status="PASS">
          <reporter-output>
          </reporter-output>
        </test-method> <!-- getLivingDetails -->
        <test-method signature="collectingDetails()[pri:4, instance:testcases.DropDownCheck@34123d65]" started-at="2024-03-05T09:42:12 IST" name="collectingDetails" finished-at="2024-03-05T09:42:12 IST" duration-ms="80" status="FAIL">
          <exception class="java.io.FileNotFoundException">
            <message>
              <![CDATA[C:\Users\2303842\eclipse-workspace\HackathonProject\testdata\TestData.xlsx (The process cannot access the file because it is being used by another process)]]>
            </message>
            <full-stacktrace>
              <![CDATA[java.io.FileNotFoundException: C:\Users\2303842\eclipse-workspace\HackathonProject\testdata\TestData.xlsx (The process cannot access the file because it is being used by another process)
at java.base/java.io.FileOutputStream.open0(Native Method)
at java.base/java.io.FileOutputStream.open(FileOutputStream.java:293)
at java.base/java.io.FileOutputStream.<init>(FileOutputStream.java:235)
at java.base/java.io.FileOutputStream.<init>(FileOutputStream.java:184)
at utilities.ExcelUtils.writeExcelsDetails(ExcelUtils.java:80)
at pageobject.DropdownDetails.excelDetails(DropdownDetails.java:70)
at testcases.DropDownCheck.collectingDetails(DropDownCheck.java:42)
at java.base/jdk.internal.reflect.NativeMethodAccessorImpl.invoke0(Native Method)
at java.base/jdk.internal.reflect.NativeMethodAccessorImpl.invoke(NativeMethodAccessorImpl.java:77)
at java.base/jdk.internal.reflect.DelegatingMethodAccessorImpl.invoke(DelegatingMethodAccessorImpl.java:43)
at java.base/java.lang.reflect.Method.invoke(Method.java:568)
at org.testng.internal.invokers.MethodInvocationHelper.invokeMethod(MethodInvocationHelper.java:139)
at org.testng.internal.invokers.TestInvoker.invokeMethod(TestInvoker.java:664)
at org.testng.internal.invokers.TestInvoker.invokeTestMethod(TestInvoker.java:227)
at org.testng.internal.invokers.MethodRunner.runInSequence(MethodRunner.java:50)
at org.testng.internal.invokers.TestInvoker$MethodInvocationAgent.invoke(TestInvoker.java:957)
at org.testng.internal.invokers.TestInvoker.invokeTestMethods(TestInvoker.java:200)
at org.testng.internal.invokers.TestMethodWorker.invokeTestMethods(TestMethodWorker.java:148)
at org.testng.internal.invokers.TestMethodWorker.run(TestMethodWorker.java:128)
at java.base/java.util.ArrayList.forEach(ArrayList.java:1511)
at org.testng.TestRunner.privateRun(TestRunner.java:848)
at org.testng.TestRunner.run(TestRunner.java:621)
at org.testng.SuiteRunner.runTest(SuiteRunner.java:443)
at org.testng.SuiteRunner.runSequentially(SuiteRunner.java:437)
at org.testng.SuiteRunner.privateRun(SuiteRunner.java:397)
at org.testng.SuiteRunner.run(SuiteRunner.java:336)
at org.testng.SuiteRunnerWorker.runSuite(SuiteRunnerWorker.java:52)
at org.testng.SuiteRunnerWorker.run(SuiteRunnerWorker.java:95)
at org.testng.TestNG.runSuitesSequentially(TestNG.java:1280)
at org.testng.TestNG.runSuitesLocally(TestNG.java:1200)
at org.testng.TestNG.runSuites(TestNG.java:1114)
at org.testng.TestNG.run(TestNG.java:1082)
at org.apache.maven.surefire.testng.TestNGExecutor.run(TestNGExecutor.java:308)
at org.apache.maven.surefire.testng.TestNGXmlTestSuite.execute(TestNGXmlTestSuite.java:71)
at org.apache.maven.surefire.testng.TestNGProvider.invoke(TestNGProvider.java:113)
at org.apache.maven.surefire.booter.ForkedBooter.runSuitesInProcess(ForkedBooter.java:385)
at org.apache.maven.surefire.booter.ForkedBooter.execute(ForkedBooter.java:162)
at org.apache.maven.surefire.booter.ForkedBooter.run(ForkedBooter.java:507)
at org.apache.maven.surefire.booter.ForkedBooter.main(ForkedBooter.java:495)
]]>
            </full-stacktrace>
          </exception> <!-- java.io.FileNotFoundException -->
          <reporter-output>
          </reporter-output>
        </test-method> <!-- collectingDetails -->
      </class> <!-- testcases.DropDownCheck -->
      <class name="testcases.BookshelvesCheck">
        <test-method is-config="true" signature="setup(java.lang.String)[pri:0, instance:testcases.BookshelvesCheck@4802796d]" started-at="2024-03-05T09:38:49 IST" name="setup" finished-at="2024-03-05T09:41:48 IST" duration-ms="179650" status="PASS">
          <params>
            <param index="0">
              <value>
                <![CDATA[Edge]]>
              </value>
            </param>
          </params>
          <reporter-output>
          </reporter-output>
        </test-method> <!-- setup -->
        <test-method signature="verifyBookShelves()[pri:1, instance:testcases.BookshelvesCheck@4802796d]" started-at="2024-03-05T09:41:48 IST" name="verifyBookShelves" finished-at="2024-03-05T09:41:49 IST" duration-ms="328" status="PASS">
          <reporter-output>
          </reporter-output>
        </test-method> <!-- verifyBookShelves -->
        <test-method signature="clickBookShelves()[pri:2, instance:testcases.BookshelvesCheck@4802796d]" started-at="2024-03-05T09:41:49 IST" name="clickBookShelves" finished-at="2024-03-05T09:41:52 IST" duration-ms="2730" status="PASS">
          <reporter-output>
          </reporter-output>
        </test-method> <!-- clickBookShelves -->
        <test-method signature="checkpopup()[pri:3, instance:testcases.BookshelvesCheck@4802796d]" started-at="2024-03-05T09:41:53 IST" name="checkpopup" finished-at="2024-03-05T09:41:55 IST" duration-ms="1998" status="PASS">
          <reporter-output>
          </reporter-output>
        </test-method> <!-- checkpopup -->
        <test-method signature="popupClose()[pri:4, instance:testcases.BookshelvesCheck@4802796d]" started-at="2024-03-05T09:41:56 IST" name="popupClose" finished-at="2024-03-05T09:41:57 IST" duration-ms="744" status="PASS">
          <reporter-output>
          </reporter-output>
        </test-method> <!-- popupClose -->
        <test-method signature="checkpriceFilter()[pri:5, instance:testcases.BookshelvesCheck@4802796d]" started-at="2024-03-05T09:41:58 IST" name="checkpriceFilter" finished-at="2024-03-05T09:41:58 IST" duration-ms="211" status="PASS">
          <reporter-output>
          </reporter-output>
        </test-method> <!-- checkpriceFilter -->
        <test-method signature="setPriceFilter()[pri:6, instance:testcases.BookshelvesCheck@4802796d]" started-at="2024-03-05T09:41:59 IST" name="setPriceFilter" finished-at="2024-03-05T09:42:00 IST" duration-ms="1350" status="PASS">
          <reporter-output>
          </reporter-output>
        </test-method> <!-- setPriceFilter -->
        <test-method signature="checksort()[pri:7, instance:testcases.BookshelvesCheck@4802796d]" started-at="2024-03-05T09:42:01 IST" name="checksort" finished-at="2024-03-05T09:42:01 IST" duration-ms="134" status="PASS">
          <reporter-output>
          </reporter-output>
        </test-method> <!-- checksort -->
        <test-method signature="sortByPriceHighToLow()[pri:8, instance:testcases.BookshelvesCheck@4802796d]" started-at="2024-03-05T09:42:02 IST" name="sortByPriceHighToLow" finished-at="2024-03-05T09:42:02 IST" duration-ms="593" status="PASS">
          <reporter-output>
          </reporter-output>
        </test-method> <!-- sortByPriceHighToLow -->
        <test-method signature="checkcategory()[pri:9, instance:testcases.BookshelvesCheck@4802796d]" started-at="2024-03-05T09:42:03 IST" name="checkcategory" finished-at="2024-03-05T09:42:03 IST" duration-ms="174" status="PASS">
          <reporter-output>
          </reporter-output>
        </test-method> <!-- checkcategory -->
        <test-method signature="chooseCategory()[pri:10, instance:testcases.BookshelvesCheck@4802796d]" started-at="2024-03-05T09:42:04 IST" name="chooseCategory" finished-at="2024-03-05T09:42:05 IST" duration-ms="988" status="PASS">
          <reporter-output>
          </reporter-output>
        </test-method> <!-- chooseCategory -->
        <test-method signature="checkCheckbox()[pri:11, instance:testcases.BookshelvesCheck@4802796d]" started-at="2024-03-05T09:42:05 IST" name="checkCheckbox" finished-at="2024-03-05T09:42:05 IST" duration-ms="127" status="PASS">
          <reporter-output>
          </reporter-output>
        </test-method> <!-- checkCheckbox -->
        <test-method signature="outOfStockCheckbox()[pri:12, instance:testcases.BookshelvesCheck@4802796d]" started-at="2024-03-05T09:42:06 IST" name="outOfStockCheckbox" finished-at="2024-03-05T09:42:06 IST" duration-ms="619" status="PASS">
          <reporter-output>
          </reporter-output>
        </test-method> <!-- outOfStockCheckbox -->
        <test-method signature="getBookDetails()[pri:13, instance:testcases.BookshelvesCheck@4802796d]" started-at="2024-03-05T09:42:07 IST" name="getBookDetails" finished-at="2024-03-05T09:42:08 IST" duration-ms="1517" status="PASS">
          <reporter-output>
          </reporter-output>
        </test-method> <!-- getBookDetails -->
        <test-method signature="writeExcel()[pri:14, instance:testcases.BookshelvesCheck@4802796d]" started-at="2024-03-05T09:42:09 IST" name="writeExcel" finished-at="2024-03-05T09:42:09 IST" duration-ms="110" status="PASS">
          <reporter-output>
          </reporter-output>
        </test-method> <!-- writeExcel -->
        <test-method is-config="true" signature="teardown()[pri:0, instance:testcases.BookshelvesCheck@4802796d]" started-at="2024-03-05T09:42:47 IST" name="teardown" finished-at="2024-03-05T09:42:48 IST" duration-ms="1535" status="PASS">
          <reporter-output>
          </reporter-output>
        </test-method> <!-- teardown -->
      </class> <!-- testcases.BookshelvesCheck -->
    </test> <!-- EdgeTest -->
  </suite> <!-- Suite -->
</testng-results>
