<?xml version="1.0" encoding="UTF-8"?>
<testsuite xmlns:xsi="http://www.w3.org/2001/XMLSchema-instance" xsi:noNamespaceSchemaLocation="https://maven.apache.org/surefire/maven-surefire-plugin/xsd/surefire-test-report-3.0.xsd" version="3.0" name="TestSuite" time="409.694" tests="62" errors="0" skipped="0" failures="1">
  <properties>
[...]
</properties>
  <testcase name="verifyBookShelves" classname="testcases.BookshelvesCheck" time="1.555">
    <system-err><![CDATA[SLF4J: No SLF4J providers were found.
SLF4J: Defaulting to no-operation (NOP) logger implementation
SLF4J: See https://www.slf4j.org/codes.html#noProviders for further details.
Mar 05, 2024 9:37:20 AM org.openqa.selenium.devtools.CdpVersionFinder findNearestMatch
WARNING: Unable to find an exact match for CDP version 120, returning the closest version; found: 119; Please update to a Selenium version that supports CDP version 120
]]></system-err>
  </testcase>
  <testcase name="verifyBookShelves" classname="testcases.BookshelvesCheck" time="1.141">
    <system-err><![CDATA[Mar 05, 2024 9:41:04 AM org.openqa.selenium.devtools.CdpVersionFinder findNearestMatch
WARNING: Unable to find an exact match for CDP version 122, returning the closest version; found: 119; Please update to a Selenium version that supports CDP version 122
]]></system-err>
  </testcase>
  <testcase name="clickBookShelves" classname="testcases.BookshelvesCheck" time="3.757"/>
  <testcase name="clickBookShelves" classname="testcases.BookshelvesCheck" time="3.8"/>
  <testcase name="checkpopup" classname="testcases.BookshelvesCheck" time="2.873"/>
  <testcase name="checkpopup" classname="testcases.BookshelvesCheck" time="3.124"/>
  <testcase name="popupClose" classname="testcases.BookshelvesCheck" time="1.143"/>
  <testcase name="popupClose" classname="testcases.BookshelvesCheck" time="1.615"/>
  <testcase name="checkpriceFilter" classname="testcases.BookshelvesCheck" time="0.667"/>
  <testcase name="checkpriceFilter" classname="testcases.BookshelvesCheck" time="0.838"/>
  <testcase name="setPriceFilter" classname="testcases.BookshelvesCheck" time="1.696"/>
  <testcase name="setPriceFilter" classname="testcases.BookshelvesCheck" time="2.172"/>
  <testcase name="checksort" classname="testcases.BookshelvesCheck" time="0.825"/>
  <testcase name="checksort" classname="testcases.BookshelvesCheck" time="0.758"/>
  <testcase name="sortByPriceHighToLow" classname="testcases.BookshelvesCheck" time="0.736"/>
  <testcase name="sortByPriceHighToLow" classname="testcases.BookshelvesCheck" time="1.17"/>
  <testcase name="checkcategory" classname="testcases.BookshelvesCheck" time="0.422"/>
  <testcase name="checkcategory" classname="testcases.BookshelvesCheck" time="0.621"/>
  <testcase name="chooseCategory" classname="testcases.BookshelvesCheck" time="1.129"/>
  <testcase name="chooseCategory" classname="testcases.BookshelvesCheck" time="1.493"/>
  <testcase name="checkCheckbox" classname="testcases.BookshelvesCheck" time="0.46"/>
  <testcase name="checkCheckbox" classname="testcases.BookshelvesCheck" time="0.592"/>
  <testcase name="outOfStockCheckbox" classname="testcases.BookshelvesCheck" time="0.755"/>
  <testcase name="outOfStockCheckbox" classname="testcases.BookshelvesCheck" time="1.243"/>
  <testcase name="getBookDetails" classname="testcases.BookshelvesCheck" time="0.937">
    <system-out><![CDATA[----Product and Price----
Product 1: Wall E Engineered Wood Kids Bookshelf In Silver Grey Colour
Price Of 1:₹14,256
Product 2: Ochre Solid Wood Kids Bookshelf In Natural Colour
Price Of 2:₹9,975
Product 3: Ochre Solid Wood Kids Bookshelf In Pink Colour
Price Of 3:₹9,975
]]></system-out>
  </testcase>
  <testcase name="getBookDetails" classname="testcases.BookshelvesCheck" time="2.116">
    <system-out><![CDATA[----Product and Price----
Product 1: Wall E Engineered Wood Kids Bookshelf In Silver Grey Colour
Price Of 1:₹14,256
Product 2: Ochre Solid Wood Kids Bookshelf In Natural Colour
Price Of 2:₹9,975
Product 3: Ochre Solid Wood Kids Bookshelf In Pink Colour
Price Of 3:₹9,975
]]></system-out>
  </testcase>
  <testcase name="writeExcel" classname="testcases.BookshelvesCheck" time="2.831"/>
  <testcase name="writeExcel" classname="testcases.BookshelvesCheck" time="0.636">
    <system-err><![CDATA[java.io.FileNotFoundException: C:\Users\2303842\eclipse-workspace\HackathonProject\testdata\TestData.xlsx (The process cannot access the file because it is being used by another process)
	at java.base/java.io.FileOutputStream.open0(Native Method)
	at java.base/java.io.FileOutputStream.open(FileOutputStream.java:293)
	at java.base/java.io.FileOutputStream.<init>(FileOutputStream.java:235)
	at java.base/java.io.FileOutputStream.<init>(FileOutputStream.java:184)
	at utilities.ExcelUtils.writeExcel(ExcelUtils.java:49)
	at pageobject.HomePage.writeExcel(HomePage.java:162)
	at testcases.BookshelvesCheck.writeExcel(BookshelvesCheck.java:97)
	at java.base/jdk.internal.reflect.NativeMethodAccessorImpl.invoke0(Native Method)
	at java.base/jdk.internal.reflect.NativeMethodAccessorImpl.invoke(NativeMethodAccessorImpl.java:77)
	at java.base/jdk.internal.reflect.DelegatingMethodAccessorImpl.invoke(DelegatingMethodAccessorImpl.java:43)
	at java.base/java.lang.reflect.Method.invoke(Method.java:568)
	at org.testng.internal.invokers.MethodInvocationHelper.invokeMethod(MethodInvocationHelper.java:139)
	at org.testng.internal.invokers.TestInvoker.invokeMethod(TestInvoker.java:664)
	at org.testng.internal.invokers.TestInvoker.invokeTestMethod(TestInvoker.java:227)
	at org.testng.internal.invokers.MethodRunner.runInSequence(MethodRunner.java:50)
	at org.testng.internal.invokers.TestInvoker$MethodInvocationAgent.invoke(TestInvoker.java:957)
	at org.testng.internal.invokers.TestInvoker.invokeTestMethods(TestInvoker.java:200)
	at org.testng.internal.invokers.TestMethodWorker.invokeTestMethods(TestMethodWorker.java:148)
	at org.testng.internal.invokers.TestMethodWorker.run(TestMethodWorker.java:128)
	at java.base/java.util.ArrayList.forEach(ArrayList.java:1511)
	at org.testng.TestRunner.privateRun(TestRunner.java:848)
	at org.testng.TestRunner.run(TestRunner.java:621)
	at org.testng.SuiteRunner.runTest(SuiteRunner.java:443)
	at org.testng.SuiteRunner.runSequentially(SuiteRunner.java:437)
	at org.testng.SuiteRunner.privateRun(SuiteRunner.java:397)
	at org.testng.SuiteRunner.run(SuiteRunner.java:336)
	at org.testng.SuiteRunnerWorker.runSuite(SuiteRunnerWorker.java:52)
	at org.testng.SuiteRunnerWorker.run(SuiteRunnerWorker.java:95)
	at org.testng.TestNG.runSuitesSequentially(TestNG.java:1280)
	at org.testng.TestNG.runSuitesLocally(TestNG.java:1200)
	at org.testng.TestNG.runSuites(TestNG.java:1114)
	at org.testng.TestNG.run(TestNG.java:1082)
	at org.apache.maven.surefire.testng.TestNGExecutor.run(TestNGExecutor.java:308)
	at org.apache.maven.surefire.testng.TestNGXmlTestSuite.execute(TestNGXmlTestSuite.java:71)
	at org.apache.maven.surefire.testng.TestNGProvider.invoke(TestNGProvider.java:113)
	at org.apache.maven.surefire.booter.ForkedBooter.runSuitesInProcess(ForkedBooter.java:385)
	at org.apache.maven.surefire.booter.ForkedBooter.execute(ForkedBooter.java:162)
	at org.apache.maven.surefire.booter.ForkedBooter.run(ForkedBooter.java:507)
	at org.apache.maven.surefire.booter.ForkedBooter.main(ForkedBooter.java:495)
]]></system-err>
  </testcase>
  <testcase name="CheckLiving" classname="testcases.DropDownCheck" time="0.364"/>
  <testcase name="CheckLiving" classname="testcases.DropDownCheck" time="0.566"/>
  <testcase name="SelectLiving" classname="testcases.DropDownCheck" time="0.336"/>
  <testcase name="SelectLiving" classname="testcases.DropDownCheck" time="0.399"/>
  <testcase name="getLivingDetails" classname="testcases.DropDownCheck" time="1.116">
    <system-out><![CDATA[---LivingStorage---
TV Units
Bookshelves
Shoe Racks
Prayer Units
Showcases
Wall Shelves
Entryway & Foyer
Room Divider
Living Room Sets
---Seating&Chairs---
Lounge Chairs
Accent Chairs
Recliners
Sofa Cum Bed
UL Assured Picks
Ottomans & Stools
Bean Bags
Benches
Bar Stools
Rocking Chairs
Gaming Chairs
]]></system-out>
  </testcase>
  <testcase name="getLivingDetails" classname="testcases.DropDownCheck" time="1.291">
    <system-out><![CDATA[---LivingStorage---
TV Units
Bookshelves
Shoe Racks
Prayer Units
Showcases
Wall Shelves
Entryway & Foyer
Room Divider
Living Room Sets
---Seating&Chairs---
Lounge Chairs
Accent Chairs
Recliners
Sofa Cum Bed
UL Assured Picks
Ottomans & Stools
Bean Bags
Benches
Bar Stools
Rocking Chairs
Gaming Chairs
]]></system-out>
  </testcase>
  <testcase name="collectingDetails" classname="testcases.DropDownCheck" time="0.427"/>
  <testcase name="collectingDetails" classname="testcases.DropDownCheck" time="0.474">
    <failure message="C:\Users\2303842\eclipse-workspace\HackathonProject\testdata\TestData.xlsx (The process cannot access the file because it is being used by another process)" type="java.io.FileNotFoundException"><![CDATA[java.io.FileNotFoundException: C:\Users\2303842\eclipse-workspace\HackathonProject\testdata\TestData.xlsx (The process cannot access the file because it is being used by another process)
	at java.base/java.io.FileOutputStream.open0(Native Method)
	at java.base/java.io.FileOutputStream.open(FileOutputStream.java:293)
	at java.base/java.io.FileOutputStream.<init>(FileOutputStream.java:235)
	at java.base/java.io.FileOutputStream.<init>(FileOutputStream.java:184)
	at utilities.ExcelUtils.writeExcelsDetails(ExcelUtils.java:80)
	at pageobject.DropdownDetails.excelDetails(DropdownDetails.java:70)
	at testcases.DropDownCheck.collectingDetails(DropDownCheck.java:42)
	at java.base/jdk.internal.reflect.NativeMethodAccessorImpl.invoke0(Native Method)
	at java.base/jdk.internal.reflect.NativeMethodAccessorImpl.invoke(NativeMethodAccessorImpl.java:77)
	at java.base/jdk.internal.reflect.DelegatingMethodAccessorImpl.invoke(DelegatingMethodAccessorImpl.java:43)
	at java.base/java.lang.reflect.Method.invoke(Method.java:568)
	at org.testng.internal.invokers.MethodInvocationHelper.invokeMethod(MethodInvocationHelper.java:139)
	at org.testng.internal.invokers.TestInvoker.invokeMethod(TestInvoker.java:664)
	at org.testng.internal.invokers.TestInvoker.invokeTestMethod(TestInvoker.java:227)
	at org.testng.internal.invokers.MethodRunner.runInSequence(MethodRunner.java:50)
	at org.testng.internal.invokers.TestInvoker$MethodInvocationAgent.invoke(TestInvoker.java:957)
	at org.testng.internal.invokers.TestInvoker.invokeTestMethods(TestInvoker.java:200)
	at org.testng.internal.invokers.TestMethodWorker.invokeTestMethods(TestMethodWorker.java:148)
	at org.testng.internal.invokers.TestMethodWorker.run(TestMethodWorker.java:128)
	at java.base/java.util.ArrayList.forEach(ArrayList.java:1511)
	at org.testng.TestRunner.privateRun(TestRunner.java:848)
	at org.testng.TestRunner.run(TestRunner.java:621)
	at org.testng.SuiteRunner.runTest(SuiteRunner.java:443)
	at org.testng.SuiteRunner.runSequentially(SuiteRunner.java:437)
	at org.testng.SuiteRunner.privateRun(SuiteRunner.java:397)
	at org.testng.SuiteRunner.run(SuiteRunner.java:336)
	at org.testng.SuiteRunnerWorker.runSuite(SuiteRunnerWorker.java:52)
	at org.testng.SuiteRunnerWorker.run(SuiteRunnerWorker.java:95)
	at org.testng.TestNG.runSuitesSequentially(TestNG.java:1280)
	at org.testng.TestNG.runSuitesLocally(TestNG.java:1200)
	at org.testng.TestNG.runSuites(TestNG.java:1114)
	at org.testng.TestNG.run(TestNG.java:1082)
	at org.apache.maven.surefire.testng.TestNGExecutor.run(TestNGExecutor.java:308)
	at org.apache.maven.surefire.testng.TestNGXmlTestSuite.execute(TestNGXmlTestSuite.java:71)
	at org.apache.maven.surefire.testng.TestNGProvider.invoke(TestNGProvider.java:113)
	at org.apache.maven.surefire.booter.ForkedBooter.runSuitesInProcess(ForkedBooter.java:385)
	at org.apache.maven.surefire.booter.ForkedBooter.execute(ForkedBooter.java:162)
	at org.apache.maven.surefire.booter.ForkedBooter.run(ForkedBooter.java:507)
	at org.apache.maven.surefire.booter.ForkedBooter.main(ForkedBooter.java:495)
]]></failure>
  </testcase>
  <testcase name="CheckGiftCards" classname="testcases.GiftCardCheck" time="3.181"/>
  <testcase name="CheckGiftCards" classname="testcases.GiftCardCheck" time="4.25"/>
  <testcase name="GetGiftCards" classname="testcases.GiftCardCheck" time="15.783"/>
  <testcase name="GetGiftCards" classname="testcases.GiftCardCheck" time="13.219"/>
  <testcase name="CheckBirthday" classname="testcases.GiftCardCheck" time="0.93"/>
  <testcase name="CheckBirthday" classname="testcases.GiftCardCheck" time="1.471"/>
  <testcase name="SelectBirthday" classname="testcases.GiftCardCheck" time="0.523"/>
  <testcase name="SelectBirthday" classname="testcases.GiftCardCheck" time="0.742"/>
  <testcase name="Checkcustomizationvisible" classname="testcases.GiftCardCheck" time="0.439"/>
  <testcase name="Checkcustomizationvisible" classname="testcases.GiftCardCheck" time="0.915"/>
  <testcase name="Customizing" classname="testcases.GiftCardCheck" time="1.838"/>
  <testcase name="Customizing" classname="testcases.GiftCardCheck" time="2.581"/>
  <testcase name="filldetailsvisible" classname="testcases.GiftCardCheck" time="0.694"/>
  <testcase name="filldetailsvisible" classname="testcases.GiftCardCheck" time="1.276"/>
  <testcase name="invalidDetailsFilling" classname="testcases.GiftCardCheck" time="2.22"/>
  <testcase name="invalidDetailsFilling" classname="testcases.GiftCardCheck" time="4.536"/>
  <testcase name="captureAndDisplayErrorMessage" classname="testcases.GiftCardCheck" time="0.474">
    <system-out><![CDATA[Please include an '@' in the email address. 'smithmail.com' is missing an '@'.
]]></system-out>
  </testcase>
  <testcase name="captureAndDisplayErrorMessage" classname="testcases.GiftCardCheck" time="1.091">
    <system-out><![CDATA[Please include an '@' in the email address. 'smithmail.com' is missing an '@'.
]]></system-out>
  </testcase>
  <testcase name="validateDetails" classname="testcases.GiftCardCheck" time="2.247"/>
  <testcase name="validateDetails" classname="testcases.GiftCardCheck" time="1.457"/>
  <testcase name="validateAllDetails" classname="testcases.GiftCardCheck" time="1.05"/>
  <testcase name="validateAllDetails" classname="testcases.GiftCardCheck" time="1.462"/>
  <testcase name="writeDetailsToJson" classname="testcases.GiftCardCheck" time="0.489"/>
  <testcase name="writeDetailsToJson" classname="testcases.GiftCardCheck" time="0.636"/>
  <testcase name="compareDetails" classname="testcases.GiftCardCheck" time="0.531">
    <system-out><![CDATA[----Check all the details are equals or not----
Amount is equals
Recipient_Name is equals
Recipient_Email is equals
Recipient_Mobile is equals
Customer_Name is equals
Customer_Email is equals
Customer_Mobile is equals
Customer_Address is equals
Pin is equals
Message is equals
]]></system-out>
  </testcase>
  <testcase name="compareDetails" classname="testcases.GiftCardCheck" time="0.661">
    <system-out><![CDATA[----Check all the details are equals or not----
Amount is equals
Recipient_Name is equals
Recipient_Email is equals
Recipient_Mobile is equals
Customer_Name is equals
Customer_Email is equals
Customer_Mobile is equals
Customer_Address is equals
Pin is equals
Message is equals
]]></system-out>
  </testcase>
</testsuite>