<?xml version="1.0" encoding="UTF-8"?>
<testng-results ignored="0" total="62" passed="61" failed="1" skipped="0">
  <reporter-output>
  </reporter-output>
  <suite started-at="2024-03-07T16:49:11 IST" name="Suite" finished-at="2024-03-07T16:53:23 IST" duration-ms="252179">
    <groups>
      <group name="regression">
        <method signature="BookshelvesCheck.clickBookShelves()[pri:2, instance:testcases.BookshelvesCheck@6fa51cd4]" name="clickBookShelves" class="testcases.BookshelvesCheck"/>
        <method signature="DropDownCheck.getLivingDetails()[pri:3, instance:testcases.DropDownCheck@1750fbeb]" name="getLivingDetails" class="testcases.DropDownCheck"/>
        <method signature="BookshelvesCheck.popupClose()[pri:4, instance:testcases.BookshelvesCheck@6fa51cd4]" name="popupClose" class="testcases.BookshelvesCheck"/>
        <method signature="DropDownCheck.collectingDetails()[pri:4, instance:testcases.DropDownCheck@1750fbeb]" name="collectingDetails" class="testcases.DropDownCheck"/>
        <method signature="BookshelvesCheck.setPriceFilter()[pri:6, instance:testcases.BookshelvesCheck@6fa51cd4]" name="setPriceFilter" class="testcases.BookshelvesCheck"/>
        <method signature="GiftCardCheck.Customizing()[pri:6, instance:testcases.GiftCardCheck@5b247367]" name="Customizing" class="testcases.GiftCardCheck"/>
        <method signature="BookshelvesCheck.sortByPriceHighToLow()[pri:8, instance:testcases.BookshelvesCheck@6fa51cd4]" name="sortByPriceHighToLow" class="testcases.BookshelvesCheck"/>
        <method signature="GiftCardCheck.invalidDetailsFilling()[pri:8, instance:testcases.GiftCardCheck@5b247367]" name="invalidDetailsFilling" class="testcases.GiftCardCheck"/>
        <method signature="GiftCardCheck.captureAndDisplayErrorMessage()[pri:9, instance:testcases.GiftCardCheck@5b247367]" name="captureAndDisplayErrorMessage" class="testcases.GiftCardCheck"/>
        <method signature="BookshelvesCheck.chooseCategory()[pri:10, instance:testcases.BookshelvesCheck@6fa51cd4]" name="chooseCategory" class="testcases.BookshelvesCheck"/>
        <method signature="GiftCardCheck.validateDetails()[pri:10, instance:testcases.GiftCardCheck@5b247367]" name="validateDetails" class="testcases.GiftCardCheck"/>
        <method signature="GiftCardCheck.validateAllDetails()[pri:11, instance:testcases.GiftCardCheck@5b247367]" name="validateAllDetails" class="testcases.GiftCardCheck"/>
        <method signature="BookshelvesCheck.outOfStockCheckbox()[pri:12, instance:testcases.BookshelvesCheck@6fa51cd4]" name="outOfStockCheckbox" class="testcases.BookshelvesCheck"/>
        <method signature="GiftCardCheck.writeDetailsToJson()[pri:12, instance:testcases.GiftCardCheck@5b247367]" name="writeDetailsToJson" class="testcases.GiftCardCheck"/>
        <method signature="BookshelvesCheck.getBookDetails()[pri:13, instance:testcases.BookshelvesCheck@6fa51cd4]" name="getBookDetails" class="testcases.BookshelvesCheck"/>
        <method signature="GiftCardCheck.compareDetails()[pri:13, instance:testcases.GiftCardCheck@5b247367]" name="compareDetails" class="testcases.GiftCardCheck"/>
        <method signature="BookshelvesCheck.writeExcel()[pri:14, instance:testcases.BookshelvesCheck@6fa51cd4]" name="writeExcel" class="testcases.BookshelvesCheck"/>
        <method signature="BookshelvesCheck.clickBookShelves()[pri:2, instance:testcases.BookshelvesCheck@4f32a3ad]" name="clickBookShelves" class="testcases.BookshelvesCheck"/>
        <method signature="DropDownCheck.getLivingDetails()[pri:3, instance:testcases.DropDownCheck@6b695b06]" name="getLivingDetails" class="testcases.DropDownCheck"/>
        <method signature="BookshelvesCheck.popupClose()[pri:4, instance:testcases.BookshelvesCheck@4f32a3ad]" name="popupClose" class="testcases.BookshelvesCheck"/>
        <method signature="DropDownCheck.collectingDetails()[pri:4, instance:testcases.DropDownCheck@6b695b06]" name="collectingDetails" class="testcases.DropDownCheck"/>
        <method signature="BookshelvesCheck.setPriceFilter()[pri:6, instance:testcases.BookshelvesCheck@4f32a3ad]" name="setPriceFilter" class="testcases.BookshelvesCheck"/>
        <method signature="GiftCardCheck.Customizing()[pri:6, instance:testcases.GiftCardCheck@4d1bf319]" name="Customizing" class="testcases.GiftCardCheck"/>
        <method signature="BookshelvesCheck.sortByPriceHighToLow()[pri:8, instance:testcases.BookshelvesCheck@4f32a3ad]" name="sortByPriceHighToLow" class="testcases.BookshelvesCheck"/>
        <method signature="GiftCardCheck.invalidDetailsFilling()[pri:8, instance:testcases.GiftCardCheck@4d1bf319]" name="invalidDetailsFilling" class="testcases.GiftCardCheck"/>
        <method signature="GiftCardCheck.captureAndDisplayErrorMessage()[pri:9, instance:testcases.GiftCardCheck@4d1bf319]" name="captureAndDisplayErrorMessage" class="testcases.GiftCardCheck"/>
        <method signature="BookshelvesCheck.chooseCategory()[pri:10, instance:testcases.BookshelvesCheck@4f32a3ad]" name="chooseCategory" class="testcases.BookshelvesCheck"/>
        <method signature="GiftCardCheck.validateDetails()[pri:10, instance:testcases.GiftCardCheck@4d1bf319]" name="validateDetails" class="testcases.GiftCardCheck"/>
        <method signature="GiftCardCheck.validateAllDetails()[pri:11, instance:testcases.GiftCardCheck@4d1bf319]" name="validateAllDetails" class="testcases.GiftCardCheck"/>
        <method signature="BookshelvesCheck.outOfStockCheckbox()[pri:12, instance:testcases.BookshelvesCheck@4f32a3ad]" name="outOfStockCheckbox" class="testcases.BookshelvesCheck"/>
        <method signature="GiftCardCheck.writeDetailsToJson()[pri:12, instance:testcases.GiftCardCheck@4d1bf319]" name="writeDetailsToJson" class="testcases.GiftCardCheck"/>
        <method signature="BookshelvesCheck.getBookDetails()[pri:13, instance:testcases.BookshelvesCheck@4f32a3ad]" name="getBookDetails" class="testcases.BookshelvesCheck"/>
        <method signature="GiftCardCheck.compareDetails()[pri:13, instance:testcases.GiftCardCheck@4d1bf319]" name="compareDetails" class="testcases.GiftCardCheck"/>
        <method signature="BookshelvesCheck.writeExcel()[pri:14, instance:testcases.BookshelvesCheck@4f32a3ad]" name="writeExcel" class="testcases.BookshelvesCheck"/>
      </group> <!-- regression -->
      <group name="smoke">
        <method signature="BookshelvesCheck.verifyBookShelves()[pri:1, instance:testcases.BookshelvesCheck@6fa51cd4]" name="verifyBookShelves" class="testcases.BookshelvesCheck"/>
        <method signature="DropDownCheck.CheckLiving()[pri:1, instance:testcases.DropDownCheck@1750fbeb]" name="CheckLiving" class="testcases.DropDownCheck"/>
        <method signature="GiftCardCheck.CheckGiftCards()[pri:1, instance:testcases.GiftCardCheck@5b247367]" name="CheckGiftCards" class="testcases.GiftCardCheck"/>
        <method signature="BookshelvesCheck.clickBookShelves()[pri:2, instance:testcases.BookshelvesCheck@6fa51cd4]" name="clickBookShelves" class="testcases.BookshelvesCheck"/>
        <method signature="DropDownCheck.SelectLiving()[pri:2, instance:testcases.DropDownCheck@1750fbeb]" name="SelectLiving" class="testcases.DropDownCheck"/>
        <method signature="GiftCardCheck.GetGiftCards()[pri:2, instance:testcases.GiftCardCheck@5b247367]" name="GetGiftCards" class="testcases.GiftCardCheck"/>
        <method signature="BookshelvesCheck.checkpopup()[pri:3, instance:testcases.BookshelvesCheck@6fa51cd4]" name="checkpopup" class="testcases.BookshelvesCheck"/>
        <method signature="GiftCardCheck.CheckBirthday()[pri:3, instance:testcases.GiftCardCheck@5b247367]" name="CheckBirthday" class="testcases.GiftCardCheck"/>
        <method signature="BookshelvesCheck.popupClose()[pri:4, instance:testcases.BookshelvesCheck@6fa51cd4]" name="popupClose" class="testcases.BookshelvesCheck"/>
        <method signature="GiftCardCheck.SelectBirthday()[pri:4, instance:testcases.GiftCardCheck@5b247367]" name="SelectBirthday" class="testcases.GiftCardCheck"/>
        <method signature="BookshelvesCheck.checkpriceFilter()[pri:5, instance:testcases.BookshelvesCheck@6fa51cd4]" name="checkpriceFilter" class="testcases.BookshelvesCheck"/>
        <method signature="GiftCardCheck.Checkcustomizationvisible()[pri:5, instance:testcases.GiftCardCheck@5b247367]" name="Checkcustomizationvisible" class="testcases.GiftCardCheck"/>
        <method signature="BookshelvesCheck.checksort()[pri:7, instance:testcases.BookshelvesCheck@6fa51cd4]" name="checksort" class="testcases.BookshelvesCheck"/>
        <method signature="GiftCardCheck.filldetailsvisible()[pri:7, instance:testcases.GiftCardCheck@5b247367]" name="filldetailsvisible" class="testcases.GiftCardCheck"/>
        <method signature="BookshelvesCheck.checkcategory()[pri:9, instance:testcases.BookshelvesCheck@6fa51cd4]" name="checkcategory" class="testcases.BookshelvesCheck"/>
        <method signature="BookshelvesCheck.checkCheckbox()[pri:11, instance:testcases.BookshelvesCheck@6fa51cd4]" name="checkCheckbox" class="testcases.BookshelvesCheck"/>
        <method signature="BookshelvesCheck.verifyBookShelves()[pri:1, instance:testcases.BookshelvesCheck@4f32a3ad]" name="verifyBookShelves" class="testcases.BookshelvesCheck"/>
        <method signature="DropDownCheck.CheckLiving()[pri:1, instance:testcases.DropDownCheck@6b695b06]" name="CheckLiving" class="testcases.DropDownCheck"/>
        <method signature="GiftCardCheck.CheckGiftCards()[pri:1, instance:testcases.GiftCardCheck@4d1bf319]" name="CheckGiftCards" class="testcases.GiftCardCheck"/>
        <method signature="BookshelvesCheck.clickBookShelves()[pri:2, instance:testcases.BookshelvesCheck@4f32a3ad]" name="clickBookShelves" class="testcases.BookshelvesCheck"/>
        <method signature="DropDownCheck.SelectLiving()[pri:2, instance:testcases.DropDownCheck@6b695b06]" name="SelectLiving" class="testcases.DropDownCheck"/>
        <method signature="GiftCardCheck.GetGiftCards()[pri:2, instance:testcases.GiftCardCheck@4d1bf319]" name="GetGiftCards" class="testcases.GiftCardCheck"/>
        <method signature="BookshelvesCheck.checkpopup()[pri:3, instance:testcases.BookshelvesCheck@4f32a3ad]" name="checkpopup" class="testcases.BookshelvesCheck"/>
        <method signature="GiftCardCheck.CheckBirthday()[pri:3, instance:testcases.GiftCardCheck@4d1bf319]" name="CheckBirthday" class="testcases.GiftCardCheck"/>
        <method signature="BookshelvesCheck.popupClose()[pri:4, instance:testcases.BookshelvesCheck@4f32a3ad]" name="popupClose" class="testcases.BookshelvesCheck"/>
        <method signature="GiftCardCheck.SelectBirthday()[pri:4, instance:testcases.GiftCardCheck@4d1bf319]" name="SelectBirthday" class="testcases.GiftCardCheck"/>
        <method signature="BookshelvesCheck.checkpriceFilter()[pri:5, instance:testcases.BookshelvesCheck@4f32a3ad]" name="checkpriceFilter" class="testcases.BookshelvesCheck"/>
        <method signature="GiftCardCheck.Checkcustomizationvisible()[pri:5, instance:testcases.GiftCardCheck@4d1bf319]" name="Checkcustomizationvisible" class="testcases.GiftCardCheck"/>
        <method signature="BookshelvesCheck.checksort()[pri:7, instance:testcases.BookshelvesCheck@4f32a3ad]" name="checksort" class="testcases.BookshelvesCheck"/>
        <method signature="GiftCardCheck.filldetailsvisible()[pri:7, instance:testcases.GiftCardCheck@4d1bf319]" name="filldetailsvisible" class="testcases.GiftCardCheck"/>
        <method signature="BookshelvesCheck.checkcategory()[pri:9, instance:testcases.BookshelvesCheck@4f32a3ad]" name="checkcategory" class="testcases.BookshelvesCheck"/>
        <method signature="BookshelvesCheck.checkCheckbox()[pri:11, instance:testcases.BookshelvesCheck@4f32a3ad]" name="checkCheckbox" class="testcases.BookshelvesCheck"/>
      </group> <!-- smoke -->
    </groups>
    <test started-at="2024-03-07T16:49:11 IST" name="ChromeTest" finished-at="2024-03-07T16:50:56 IST" duration-ms="105630">
      <class name="testcases.GiftCardCheck">
        <test-method signature="CheckGiftCards()[pri:1, instance:testcases.GiftCardCheck@5b247367]" started-at="2024-03-07T16:50:03 IST" name="CheckGiftCards" finished-at="2024-03-07T16:50:07 IST" duration-ms="4682" status="PASS">
          <reporter-output>
          </reporter-output>
        </test-method> <!-- CheckGiftCards -->
        <test-method signature="GetGiftCards()[pri:2, instance:testcases.GiftCardCheck@5b247367]" started-at="2024-03-07T16:50:08 IST" name="GetGiftCards" finished-at="2024-03-07T16:50:41 IST" duration-ms="33579" status="PASS">
          <reporter-output>
          </reporter-output>
        </test-method> <!-- GetGiftCards -->
        <test-method signature="CheckBirthday()[pri:3, instance:testcases.GiftCardCheck@5b247367]" started-at="2024-03-07T16:50:42 IST" name="CheckBirthday" finished-at="2024-03-07T16:50:42 IST" duration-ms="99" status="PASS">
          <reporter-output>
          </reporter-output>
        </test-method> <!-- CheckBirthday -->
        <test-method signature="SelectBirthday()[pri:4, instance:testcases.GiftCardCheck@5b247367]" started-at="2024-03-07T16:50:43 IST" name="SelectBirthday" finished-at="2024-03-07T16:50:43 IST" duration-ms="202" status="PASS">
          <reporter-output>
          </reporter-output>
        </test-method> <!-- SelectBirthday -->
        <test-method signature="Checkcustomizationvisible()[pri:5, instance:testcases.GiftCardCheck@5b247367]" started-at="2024-03-07T16:50:43 IST" name="Checkcustomizationvisible" finished-at="2024-03-07T16:50:44 IST" duration-ms="97" status="PASS">
          <reporter-output>
          </reporter-output>
        </test-method> <!-- Checkcustomizationvisible -->
        <test-method signature="Customizing()[pri:6, instance:testcases.GiftCardCheck@5b247367]" started-at="2024-03-07T16:50:44 IST" name="Customizing" finished-at="2024-03-07T16:50:45 IST" duration-ms="1111" status="PASS">
          <reporter-output>
          </reporter-output>
        </test-method> <!-- Customizing -->
        <test-method signature="filldetailsvisible()[pri:7, instance:testcases.GiftCardCheck@5b247367]" started-at="2024-03-07T16:50:45 IST" name="filldetailsvisible" finished-at="2024-03-07T16:50:45 IST" duration-ms="86" status="PASS">
          <reporter-output>
          </reporter-output>
        </test-method> <!-- filldetailsvisible -->
        <test-method signature="invalidDetailsFilling()[pri:8, instance:testcases.GiftCardCheck@5b247367]" started-at="2024-03-07T16:50:46 IST" name="invalidDetailsFilling" finished-at="2024-03-07T16:50:49 IST" duration-ms="2736" status="PASS">
          <reporter-output>
          </reporter-output>
        </test-method> <!-- invalidDetailsFilling -->
        <test-method signature="captureAndDisplayErrorMessage()[pri:9, instance:testcases.GiftCardCheck@5b247367]" started-at="2024-03-07T16:50:49 IST" name="captureAndDisplayErrorMessage" finished-at="2024-03-07T16:50:49 IST" duration-ms="522" status="PASS">
          <reporter-output>
          </reporter-output>
        </test-method> <!-- captureAndDisplayErrorMessage -->
        <test-method signature="validateDetails()[pri:10, instance:testcases.GiftCardCheck@5b247367]" started-at="2024-03-07T16:50:50 IST" name="validateDetails" finished-at="2024-03-07T16:50:51 IST" duration-ms="1435" status="PASS">
          <reporter-output>
          </reporter-output>
        </test-method> <!-- validateDetails -->
        <test-method signature="validateAllDetails()[pri:11, instance:testcases.GiftCardCheck@5b247367]" started-at="2024-03-07T16:50:52 IST" name="validateAllDetails" finished-at="2024-03-07T16:50:53 IST" duration-ms="662" status="PASS">
          <reporter-output>
          </reporter-output>
        </test-method> <!-- validateAllDetails -->
        <test-method signature="writeDetailsToJson()[pri:12, instance:testcases.GiftCardCheck@5b247367]" started-at="2024-03-07T16:50:54 IST" name="writeDetailsToJson" finished-at="2024-03-07T16:50:54 IST" duration-ms="5" status="PASS">
          <reporter-output>
          </reporter-output>
        </test-method> <!-- writeDetailsToJson -->
        <test-method signature="compareDetails()[pri:13, instance:testcases.GiftCardCheck@5b247367]" started-at="2024-03-07T16:50:54 IST" name="compareDetails" finished-at="2024-03-07T16:50:54 IST" duration-ms="2" status="PASS">
          <reporter-output>
          </reporter-output>
        </test-method> <!-- compareDetails -->
      </class> <!-- testcases.GiftCardCheck -->
      <class name="testcases.DropDownCheck">
        <test-method signature="CheckLiving()[pri:1, instance:testcases.DropDownCheck@1750fbeb]" started-at="2024-03-07T16:50:00 IST" name="CheckLiving" finished-at="2024-03-07T16:50:01 IST" duration-ms="162" status="PASS">
          <reporter-output>
          </reporter-output>
        </test-method> <!-- CheckLiving -->
        <test-method signature="SelectLiving()[pri:2, instance:testcases.DropDownCheck@1750fbeb]" started-at="2024-03-07T16:50:01 IST" name="SelectLiving" finished-at="2024-03-07T16:50:01 IST" duration-ms="100" status="PASS">
          <reporter-output>
          </reporter-output>
        </test-method> <!-- SelectLiving -->
        <test-method signature="getLivingDetails()[pri:3, instance:testcases.DropDownCheck@1750fbeb]" started-at="2024-03-07T16:50:01 IST" name="getLivingDetails" finished-at="2024-03-07T16:50:02 IST" duration-ms="912" status="PASS">
          <reporter-output>
          </reporter-output>
        </test-method> <!-- getLivingDetails -->
        <test-method signature="collectingDetails()[pri:4, instance:testcases.DropDownCheck@1750fbeb]" started-at="2024-03-07T16:50:02 IST" name="collectingDetails" finished-at="2024-03-07T16:50:03 IST" duration-ms="154" status="PASS">
          <reporter-output>
          </reporter-output>
        </test-method> <!-- collectingDetails -->
      </class> <!-- testcases.DropDownCheck -->
      <class name="testcases.BookshelvesCheck">
        <test-method is-config="true" signature="setup(java.lang.String)[pri:0, instance:testcases.BookshelvesCheck@6fa51cd4]" started-at="2024-03-07T16:49:11 IST" name="setup" finished-at="2024-03-07T16:49:40 IST" duration-ms="28579" status="PASS">
          <params>
            <param index="0">
              <value>
                <![CDATA[Chrome]]>
              </value>
            </param>
          </params>
          <reporter-output>
          </reporter-output>
        </test-method> <!-- setup -->
        <test-method signature="verifyBookShelves()[pri:1, instance:testcases.BookshelvesCheck@6fa51cd4]" started-at="2024-03-07T16:49:40 IST" name="verifyBookShelves" finished-at="2024-03-07T16:49:41 IST" duration-ms="945" status="PASS">
          <reporter-output>
          </reporter-output>
        </test-method> <!-- verifyBookShelves -->
        <test-method signature="clickBookShelves()[pri:2, instance:testcases.BookshelvesCheck@6fa51cd4]" started-at="2024-03-07T16:49:42 IST" name="clickBookShelves" finished-at="2024-03-07T16:49:47 IST" duration-ms="4954" status="PASS">
          <reporter-output>
          </reporter-output>
        </test-method> <!-- clickBookShelves -->
        <test-method signature="checkpopup()[pri:3, instance:testcases.BookshelvesCheck@6fa51cd4]" started-at="2024-03-07T16:49:48 IST" name="checkpopup" finished-at="2024-03-07T16:49:50 IST" duration-ms="1918" status="PASS">
          <reporter-output>
          </reporter-output>
        </test-method> <!-- checkpopup -->
        <test-method signature="popupClose()[pri:4, instance:testcases.BookshelvesCheck@6fa51cd4]" started-at="2024-03-07T16:49:50 IST" name="popupClose" finished-at="2024-03-07T16:49:50 IST" duration-ms="382" status="PASS">
          <reporter-output>
          </reporter-output>
        </test-method> <!-- popupClose -->
        <test-method signature="checkpriceFilter()[pri:5, instance:testcases.BookshelvesCheck@6fa51cd4]" started-at="2024-03-07T16:49:51 IST" name="checkpriceFilter" finished-at="2024-03-07T16:49:51 IST" duration-ms="92" status="PASS">
          <reporter-output>
          </reporter-output>
        </test-method> <!-- checkpriceFilter -->
        <test-method signature="setPriceFilter()[pri:6, instance:testcases.BookshelvesCheck@6fa51cd4]" started-at="2024-03-07T16:49:51 IST" name="setPriceFilter" finished-at="2024-03-07T16:49:52 IST" duration-ms="871" status="PASS">
          <reporter-output>
          </reporter-output>
        </test-method> <!-- setPriceFilter -->
        <test-method signature="checksort()[pri:7, instance:testcases.BookshelvesCheck@6fa51cd4]" started-at="2024-03-07T16:49:53 IST" name="checksort" finished-at="2024-03-07T16:49:53 IST" duration-ms="88" status="PASS">
          <reporter-output>
          </reporter-output>
        </test-method> <!-- checksort -->
        <test-method signature="sortByPriceHighToLow()[pri:8, instance:testcases.BookshelvesCheck@6fa51cd4]" started-at="2024-03-07T16:49:53 IST" name="sortByPriceHighToLow" finished-at="2024-03-07T16:49:54 IST" duration-ms="865" status="PASS">
          <reporter-output>
          </reporter-output>
        </test-method> <!-- sortByPriceHighToLow -->
        <test-method signature="checkcategory()[pri:9, instance:testcases.BookshelvesCheck@6fa51cd4]" started-at="2024-03-07T16:49:54 IST" name="checkcategory" finished-at="2024-03-07T16:49:54 IST" duration-ms="192" status="PASS">
          <reporter-output>
          </reporter-output>
        </test-method> <!-- checkcategory -->
        <test-method signature="chooseCategory()[pri:10, instance:testcases.BookshelvesCheck@6fa51cd4]" started-at="2024-03-07T16:49:55 IST" name="chooseCategory" finished-at="2024-03-07T16:49:55 IST" duration-ms="608" status="PASS">
          <reporter-output>
          </reporter-output>
        </test-method> <!-- chooseCategory -->
        <test-method signature="checkCheckbox()[pri:11, instance:testcases.BookshelvesCheck@6fa51cd4]" started-at="2024-03-07T16:49:56 IST" name="checkCheckbox" finished-at="2024-03-07T16:49:56 IST" duration-ms="221" status="PASS">
          <reporter-output>
          </reporter-output>
        </test-method> <!-- checkCheckbox -->
        <test-method signature="outOfStockCheckbox()[pri:12, instance:testcases.BookshelvesCheck@6fa51cd4]" started-at="2024-03-07T16:49:56 IST" name="outOfStockCheckbox" finished-at="2024-03-07T16:49:56 IST" duration-ms="214" status="PASS">
          <reporter-output>
          </reporter-output>
        </test-method> <!-- outOfStockCheckbox -->
        <test-method signature="getBookDetails()[pri:13, instance:testcases.BookshelvesCheck@6fa51cd4]" started-at="2024-03-07T16:49:57 IST" name="getBookDetails" finished-at="2024-03-07T16:49:57 IST" duration-ms="582" status="FAIL">
          <exception class="org.openqa.selenium.StaleElementReferenceException">
            <message>
              <![CDATA[stale element reference: stale element not found
  (Session info: chrome=120.0.6099.130)
For documentation on this error, please visit: https://www.selenium.dev/documentation/webdriver/troubleshooting/errors#stale-element-reference-exception
Build info: version: '4.15.0', revision: '1d14b5521b'
System info: os.name: 'Windows 11', os.arch: 'amd64', os.version: '10.0', java.version: '17.0.9'
Driver info: org.openqa.selenium.chrome.ChromeDriver
Command: [fd8c88d70d797e8cbba53dcaca688c3c, getElementText {id=64887F215EEA279C9BA537EF66A25E15_element_208}]
Capabilities {acceptInsecureCerts: false, browserName: chrome, browserVersion: 120.0.6099.130, chrome: {chromedriverVersion: 120.0.6099.109 (3419140ab66..., userDataDir: C:\Windows\SystemTemp\scope...}, fedcm:accounts: true, goog:chromeOptions: {debuggerAddress: localhost:56522}, networkConnectionEnabled: false, pageLoadStrategy: normal, platformName: windows, proxy: Proxy(), se:cdp: ws://localhost:56522/devtoo..., se:cdpVersion: 120.0.6099.130, setWindowRect: true, strictFileInteractability: false, timeouts: {implicit: 0, pageLoad: 300000, script: 30000}, unhandledPromptBehavior: dismiss and notify, webauthn:extension:credBlob: true, webauthn:extension:largeBlob: true, webauthn:extension:minPinLength: true, webauthn:extension:prf: true, webauthn:virtualAuthenticators: true}
Element: [[ChromeDriver: chrome on windows (fd8c88d70d797e8cbba53dcaca688c3c)] -> xpath: //span[@itemprop='name']]
Session ID: fd8c88d70d797e8cbba53dcaca688c3c]]>
            </message>
            <full-stacktrace>
              <![CDATA[org.openqa.selenium.StaleElementReferenceException: stale element reference: stale element not found
  (Session info: chrome=120.0.6099.130)
For documentation on this error, please visit: https://www.selenium.dev/documentation/webdriver/troubleshooting/errors#stale-element-reference-exception
Build info: version: '4.15.0', revision: '1d14b5521b'
System info: os.name: 'Windows 11', os.arch: 'amd64', os.version: '10.0', java.version: '17.0.9'
Driver info: org.openqa.selenium.chrome.ChromeDriver
Command: [fd8c88d70d797e8cbba53dcaca688c3c, getElementText {id=64887F215EEA279C9BA537EF66A25E15_element_208}]
Capabilities {acceptInsecureCerts: false, browserName: chrome, browserVersion: 120.0.6099.130, chrome: {chromedriverVersion: 120.0.6099.109 (3419140ab66..., userDataDir: C:\Windows\SystemTemp\scope...}, fedcm:accounts: true, goog:chromeOptions: {debuggerAddress: localhost:56522}, networkConnectionEnabled: false, pageLoadStrategy: normal, platformName: windows, proxy: Proxy(), se:cdp: ws://localhost:56522/devtoo..., se:cdpVersion: 120.0.6099.130, setWindowRect: true, strictFileInteractability: false, timeouts: {implicit: 0, pageLoad: 300000, script: 30000}, unhandledPromptBehavior: dismiss and notify, webauthn:extension:credBlob: true, webauthn:extension:largeBlob: true, webauthn:extension:minPinLength: true, webauthn:extension:prf: true, webauthn:virtualAuthenticators: true}
Element: [[ChromeDriver: chrome on windows (fd8c88d70d797e8cbba53dcaca688c3c)] -> xpath: //span[@itemprop='name']]
Session ID: fd8c88d70d797e8cbba53dcaca688c3c
at java.base/jdk.internal.reflect.NativeConstructorAccessorImpl.newInstance0(Native Method)
at java.base/jdk.internal.reflect.NativeConstructorAccessorImpl.newInstance(NativeConstructorAccessorImpl.java:77)
at java.base/jdk.internal.reflect.DelegatingConstructorAccessorImpl.newInstance(DelegatingConstructorAccessorImpl.java:45)
at java.base/java.lang.reflect.Constructor.newInstanceWithCaller(Constructor.java:499)
at java.base/java.lang.reflect.Constructor.newInstance(Constructor.java:480)
at org.openqa.selenium.remote.codec.w3c.W3CHttpResponseCodec.createException(W3CHttpResponseCodec.java:200)
at org.openqa.selenium.remote.codec.w3c.W3CHttpResponseCodec.decode(W3CHttpResponseCodec.java:133)
at org.openqa.selenium.remote.codec.w3c.W3CHttpResponseCodec.decode(W3CHttpResponseCodec.java:52)
at org.openqa.selenium.remote.HttpCommandExecutor.execute(HttpCommandExecutor.java:191)
at org.openqa.selenium.remote.service.DriverCommandExecutor.invokeExecute(DriverCommandExecutor.java:200)
at org.openqa.selenium.remote.service.DriverCommandExecutor.execute(DriverCommandExecutor.java:175)
at org.openqa.selenium.remote.RemoteWebDriver.execute(RemoteWebDriver.java:607)
at org.openqa.selenium.remote.RemoteWebElement.execute(RemoteWebElement.java:224)
at org.openqa.selenium.remote.RemoteWebElement.getText(RemoteWebElement.java:192)
at pageobject.HomePage.getBookshelvesDetails(HomePage.java:149)
at testcases.BookshelvesCheck.getBookDetails(BookshelvesCheck.java:91)
at java.base/jdk.internal.reflect.NativeMethodAccessorImpl.invoke0(Native Method)
at java.base/jdk.internal.reflect.NativeMethodAccessorImpl.invoke(NativeMethodAccessorImpl.java:77)
at java.base/jdk.internal.reflect.DelegatingMethodAccessorImpl.invoke(DelegatingMethodAccessorImpl.java:43)
at java.base/java.lang.reflect.Method.invoke(Method.java:568)
at org.testng.internal.invokers.MethodInvocationHelper.invokeMethod(MethodInvocationHelper.java:139)
at org.testng.internal.invokers.TestInvoker.invokeMethod(TestInvoker.java:664)
at org.testng.internal.invokers.TestInvoker.invokeTestMethod(TestInvoker.java:227)
at org.testng.internal.invokers.MethodRunner.runInSequence(MethodRunner.java:50)
at org.testng.internal.invokers.TestInvoker$MethodInvocationAgent.invoke(TestInvoker.java:957)
at org.testng.internal.invokers.TestInvoker.invokeTestMethods(TestInvoker.java:200)
at org.testng.internal.invokers.TestMethodWorker.invokeTestMethods(TestMethodWorker.java:148)
at org.testng.internal.invokers.TestMethodWorker.run(TestMethodWorker.java:128)
at java.base/java.util.ArrayList.forEach(ArrayList.java:1511)
at org.testng.TestRunner.privateRun(TestRunner.java:848)
at org.testng.TestRunner.run(TestRunner.java:621)
at org.testng.SuiteRunner.runTest(SuiteRunner.java:443)
at org.testng.SuiteRunner.runSequentially(SuiteRunner.java:437)
at org.testng.SuiteRunner.privateRun(SuiteRunner.java:397)
at org.testng.SuiteRunner.run(SuiteRunner.java:336)
at org.testng.SuiteRunnerWorker.runSuite(SuiteRunnerWorker.java:52)
at org.testng.SuiteRunnerWorker.run(SuiteRunnerWorker.java:95)
at org.testng.TestNG.runSuitesSequentially(TestNG.java:1280)
at org.testng.TestNG.runSuitesLocally(TestNG.java:1200)
at org.testng.TestNG.runSuites(TestNG.java:1114)
at org.testng.TestNG.run(TestNG.java:1082)
at org.testng.remote.AbstractRemoteTestNG.run(AbstractRemoteTestNG.java:115)
at org.testng.remote.RemoteTestNG.initAndRun(RemoteTestNG.java:251)
at org.testng.remote.RemoteTestNG.main(RemoteTestNG.java:77)
]]>
            </full-stacktrace>
          </exception> <!-- org.openqa.selenium.StaleElementReferenceException -->
          <reporter-output>
          </reporter-output>
        </test-method> <!-- getBookDetails -->
        <test-method signature="writeExcel()[pri:14, instance:testcases.BookshelvesCheck@6fa51cd4]" started-at="2024-03-07T16:49:58 IST" name="writeExcel" finished-at="2024-03-07T16:50:00 IST" duration-ms="2420" status="PASS">
          <reporter-output>
          </reporter-output>
        </test-method> <!-- writeExcel -->
        <test-method is-config="true" signature="teardown()[pri:0, instance:testcases.BookshelvesCheck@6fa51cd4]" started-at="2024-03-07T16:50:55 IST" name="teardown" finished-at="2024-03-07T16:50:56 IST" duration-ms="1354" status="PASS">
          <reporter-output>
          </reporter-output>
        </test-method> <!-- teardown -->
      </class> <!-- testcases.BookshelvesCheck -->
    </test> <!-- ChromeTest -->
    <test started-at="2024-03-07T16:51:01 IST" name="EdgeTest" finished-at="2024-03-07T16:53:23 IST" duration-ms="142249">
      <class name="testcases.GiftCardCheck">
        <test-method signature="CheckGiftCards()[pri:1, instance:testcases.GiftCardCheck@4d1bf319]" started-at="2024-03-07T16:52:36 IST" name="CheckGiftCards" finished-at="2024-03-07T16:52:39 IST" duration-ms="2375" status="PASS">
          <reporter-output>
          </reporter-output>
        </test-method> <!-- CheckGiftCards -->
        <test-method signature="GetGiftCards()[pri:2, instance:testcases.GiftCardCheck@4d1bf319]" started-at="2024-03-07T16:52:39 IST" name="GetGiftCards" finished-at="2024-03-07T16:53:10 IST" duration-ms="31454" status="PASS">
          <reporter-output>
          </reporter-output>
        </test-method> <!-- GetGiftCards -->
        <test-method signature="CheckBirthday()[pri:3, instance:testcases.GiftCardCheck@4d1bf319]" started-at="2024-03-07T16:53:11 IST" name="CheckBirthday" finished-at="2024-03-07T16:53:11 IST" duration-ms="114" status="PASS">
          <reporter-output>
          </reporter-output>
        </test-method> <!-- CheckBirthday -->
        <test-method signature="SelectBirthday()[pri:4, instance:testcases.GiftCardCheck@4d1bf319]" started-at="2024-03-07T16:53:12 IST" name="SelectBirthday" finished-at="2024-03-07T16:53:12 IST" duration-ms="236" status="PASS">
          <reporter-output>
          </reporter-output>
        </test-method> <!-- SelectBirthday -->
        <test-method signature="Checkcustomizationvisible()[pri:5, instance:testcases.GiftCardCheck@4d1bf319]" started-at="2024-03-07T16:53:13 IST" name="Checkcustomizationvisible" finished-at="2024-03-07T16:53:13 IST" duration-ms="214" status="PASS">
          <reporter-output>
          </reporter-output>
        </test-method> <!-- Checkcustomizationvisible -->
        <test-method signature="Customizing()[pri:6, instance:testcases.GiftCardCheck@4d1bf319]" started-at="2024-03-07T16:53:14 IST" name="Customizing" finished-at="2024-03-07T16:53:15 IST" duration-ms="1028" status="PASS">
          <reporter-output>
          </reporter-output>
        </test-method> <!-- Customizing -->
        <test-method signature="filldetailsvisible()[pri:7, instance:testcases.GiftCardCheck@4d1bf319]" started-at="2024-03-07T16:53:15 IST" name="filldetailsvisible" finished-at="2024-03-07T16:53:15 IST" duration-ms="135" status="PASS">
          <reporter-output>
          </reporter-output>
        </test-method> <!-- filldetailsvisible -->
        <test-method signature="invalidDetailsFilling()[pri:8, instance:testcases.GiftCardCheck@4d1bf319]" started-at="2024-03-07T16:53:16 IST" name="invalidDetailsFilling" finished-at="2024-03-07T16:53:19 IST" duration-ms="2851" status="PASS">
          <reporter-output>
          </reporter-output>
        </test-method> <!-- invalidDetailsFilling -->
        <test-method signature="captureAndDisplayErrorMessage()[pri:9, instance:testcases.GiftCardCheck@4d1bf319]" started-at="2024-03-07T16:53:19 IST" name="captureAndDisplayErrorMessage" finished-at="2024-03-07T16:53:19 IST" duration-ms="305" status="PASS">
          <reporter-output>
          </reporter-output>
        </test-method> <!-- captureAndDisplayErrorMessage -->
        <test-method signature="validateDetails()[pri:10, instance:testcases.GiftCardCheck@4d1bf319]" started-at="2024-03-07T16:53:20 IST" name="validateDetails" finished-at="2024-03-07T16:53:20 IST" duration-ms="451" status="PASS">
          <reporter-output>
          </reporter-output>
        </test-method> <!-- validateDetails -->
        <test-method signature="validateAllDetails()[pri:11, instance:testcases.GiftCardCheck@4d1bf319]" started-at="2024-03-07T16:53:20 IST" name="validateAllDetails" finished-at="2024-03-07T16:53:21 IST" duration-ms="373" status="PASS">
          <reporter-output>
          </reporter-output>
        </test-method> <!-- validateAllDetails -->
        <test-method signature="writeDetailsToJson()[pri:12, instance:testcases.GiftCardCheck@4d1bf319]" started-at="2024-03-07T16:53:21 IST" name="writeDetailsToJson" finished-at="2024-03-07T16:53:21 IST" duration-ms="9" status="PASS">
          <reporter-output>
          </reporter-output>
        </test-method> <!-- writeDetailsToJson -->
        <test-method signature="compareDetails()[pri:13, instance:testcases.GiftCardCheck@4d1bf319]" started-at="2024-03-07T16:53:21 IST" name="compareDetails" finished-at="2024-03-07T16:53:21 IST" duration-ms="2" status="PASS">
          <reporter-output>
          </reporter-output>
        </test-method> <!-- compareDetails -->
      </class> <!-- testcases.GiftCardCheck -->
      <class name="testcases.DropDownCheck">
        <test-method signature="CheckLiving()[pri:1, instance:testcases.DropDownCheck@6b695b06]" started-at="2024-03-07T16:52:33 IST" name="CheckLiving" finished-at="2024-03-07T16:52:34 IST" duration-ms="191" status="PASS">
          <reporter-output>
          </reporter-output>
        </test-method> <!-- CheckLiving -->
        <test-method signature="SelectLiving()[pri:2, instance:testcases.DropDownCheck@6b695b06]" started-at="2024-03-07T16:52:34 IST" name="SelectLiving" finished-at="2024-03-07T16:52:34 IST" duration-ms="166" status="PASS">
          <reporter-output>
          </reporter-output>
        </test-method> <!-- SelectLiving -->
        <test-method signature="getLivingDetails()[pri:3, instance:testcases.DropDownCheck@6b695b06]" started-at="2024-03-07T16:52:34 IST" name="getLivingDetails" finished-at="2024-03-07T16:52:35 IST" duration-ms="1044" status="PASS">
          <reporter-output>
          </reporter-output>
        </test-method> <!-- getLivingDetails -->
        <test-method signature="collectingDetails()[pri:4, instance:testcases.DropDownCheck@6b695b06]" started-at="2024-03-07T16:52:36 IST" name="collectingDetails" finished-at="2024-03-07T16:52:36 IST" duration-ms="156" status="PASS">
          <reporter-output>
          </reporter-output>
        </test-method> <!-- collectingDetails -->
      </class> <!-- testcases.DropDownCheck -->
      <class name="testcases.BookshelvesCheck">
        <test-method is-config="true" signature="setup(java.lang.String)[pri:0, instance:testcases.BookshelvesCheck@4f32a3ad]" started-at="2024-03-07T16:51:01 IST" name="setup" finished-at="2024-03-07T16:52:13 IST" duration-ms="72177" status="PASS">
          <params>
            <param index="0">
              <value>
                <![CDATA[Edge]]>
              </value>
            </param>
          </params>
          <reporter-output>
          </reporter-output>
        </test-method> <!-- setup -->
        <test-method signature="verifyBookShelves()[pri:1, instance:testcases.BookshelvesCheck@4f32a3ad]" started-at="2024-03-07T16:52:13 IST" name="verifyBookShelves" finished-at="2024-03-07T16:52:13 IST" duration-ms="331" status="PASS">
          <reporter-output>
          </reporter-output>
        </test-method> <!-- verifyBookShelves -->
        <test-method signature="clickBookShelves()[pri:2, instance:testcases.BookshelvesCheck@4f32a3ad]" started-at="2024-03-07T16:52:14 IST" name="clickBookShelves" finished-at="2024-03-07T16:52:19 IST" duration-ms="5255" status="PASS">
          <reporter-output>
          </reporter-output>
        </test-method> <!-- clickBookShelves -->
        <test-method signature="checkpopup()[pri:3, instance:testcases.BookshelvesCheck@4f32a3ad]" started-at="2024-03-07T16:52:20 IST" name="checkpopup" finished-at="2024-03-07T16:52:22 IST" duration-ms="2376" status="PASS">
          <reporter-output>
          </reporter-output>
        </test-method> <!-- checkpopup -->
        <test-method signature="popupClose()[pri:4, instance:testcases.BookshelvesCheck@4f32a3ad]" started-at="2024-03-07T16:52:23 IST" name="popupClose" finished-at="2024-03-07T16:52:23 IST" duration-ms="370" status="PASS">
          <reporter-output>
          </reporter-output>
        </test-method> <!-- popupClose -->
        <test-method signature="checkpriceFilter()[pri:5, instance:testcases.BookshelvesCheck@4f32a3ad]" started-at="2024-03-07T16:52:24 IST" name="checkpriceFilter" finished-at="2024-03-07T16:52:24 IST" duration-ms="97" status="PASS">
          <reporter-output>
          </reporter-output>
        </test-method> <!-- checkpriceFilter -->
        <test-method signature="setPriceFilter()[pri:6, instance:testcases.BookshelvesCheck@4f32a3ad]" started-at="2024-03-07T16:52:24 IST" name="setPriceFilter" finished-at="2024-03-07T16:52:25 IST" duration-ms="905" status="PASS">
          <reporter-output>
          </reporter-output>
        </test-method> <!-- setPriceFilter -->
        <test-method signature="checksort()[pri:7, instance:testcases.BookshelvesCheck@4f32a3ad]" started-at="2024-03-07T16:52:26 IST" name="checksort" finished-at="2024-03-07T16:52:26 IST" duration-ms="85" status="PASS">
          <reporter-output>
          </reporter-output>
        </test-method> <!-- checksort -->
        <test-method signature="sortByPriceHighToLow()[pri:8, instance:testcases.BookshelvesCheck@4f32a3ad]" started-at="2024-03-07T16:52:26 IST" name="sortByPriceHighToLow" finished-at="2024-03-07T16:52:27 IST" duration-ms="1196" status="PASS">
          <reporter-output>
          </reporter-output>
        </test-method> <!-- sortByPriceHighToLow -->
        <test-method signature="checkcategory()[pri:9, instance:testcases.BookshelvesCheck@4f32a3ad]" started-at="2024-03-07T16:52:28 IST" name="checkcategory" finished-at="2024-03-07T16:52:28 IST" duration-ms="605" status="PASS">
          <reporter-output>
          </reporter-output>
        </test-method> <!-- checkcategory -->
        <test-method signature="chooseCategory()[pri:10, instance:testcases.BookshelvesCheck@4f32a3ad]" started-at="2024-03-07T16:52:29 IST" name="chooseCategory" finished-at="2024-03-07T16:52:30 IST" duration-ms="828" status="PASS">
          <reporter-output>
          </reporter-output>
        </test-method> <!-- chooseCategory -->
        <test-method signature="checkCheckbox()[pri:11, instance:testcases.BookshelvesCheck@4f32a3ad]" started-at="2024-03-07T16:52:31 IST" name="checkCheckbox" finished-at="2024-03-07T16:52:31 IST" duration-ms="148" status="PASS">
          <reporter-output>
          </reporter-output>
        </test-method> <!-- checkCheckbox -->
        <test-method signature="outOfStockCheckbox()[pri:12, instance:testcases.BookshelvesCheck@4f32a3ad]" started-at="2024-03-07T16:52:31 IST" name="outOfStockCheckbox" finished-at="2024-03-07T16:52:31 IST" duration-ms="241" status="PASS">
          <reporter-output>
          </reporter-output>
        </test-method> <!-- outOfStockCheckbox -->
        <test-method signature="getBookDetails()[pri:13, instance:testcases.BookshelvesCheck@4f32a3ad]" started-at="2024-03-07T16:52:32 IST" name="getBookDetails" finished-at="2024-03-07T16:52:32 IST" duration-ms="419" status="PASS">
          <reporter-output>
          </reporter-output>
        </test-method> <!-- getBookDetails -->
        <test-method signature="writeExcel()[pri:14, instance:testcases.BookshelvesCheck@4f32a3ad]" started-at="2024-03-07T16:52:33 IST" name="writeExcel" finished-at="2024-03-07T16:52:33 IST" duration-ms="152" status="PASS">
          <reporter-output>
          </reporter-output>
        </test-method> <!-- writeExcel -->
        <test-method is-config="true" signature="teardown()[pri:0, instance:testcases.BookshelvesCheck@4f32a3ad]" started-at="2024-03-07T16:53:21 IST" name="teardown" finished-at="2024-03-07T16:53:23 IST" duration-ms="1452" status="PASS">
          <reporter-output>
          </reporter-output>
        </test-method> <!-- teardown -->
      </class> <!-- testcases.BookshelvesCheck -->
    </test> <!-- EdgeTest -->
  </suite> <!-- Suite -->
</testng-results>
